2021-05-21 11:06:53.383  INFO 23711 --- [restartedMain] com.linjr.RsWebApplication               : No active profile set, falling back to default profiles: default
2021-05-21 11:06:54.175  WARN 23711 --- [restartedMain] o.m.s.mapper.ClassPathMapperScanner      : Skipping MapperFactoryBean with name 'ipadManagerMapper' and 'com.linjr.mapper.db1.IpadManagerMapper' mapperInterface. Bean already defined with the same name!
2021-05-21 11:06:54.175  WARN 23711 --- [restartedMain] o.m.s.mapper.ClassPathMapperScanner      : Skipping MapperFactoryBean with name 'regionMapper' and 'com.linjr.mapper.db1.RegionMapper' mapperInterface. Bean already defined with the same name!
2021-05-21 11:06:54.175  WARN 23711 --- [restartedMain] o.m.s.mapper.ClassPathMapperScanner      : Skipping MapperFactoryBean with name 'sysDeptMapper' and 'com.linjr.mapper.db1.SysDeptMapper' mapperInterface. Bean already defined with the same name!
2021-05-21 11:06:54.175  WARN 23711 --- [restartedMain] o.m.s.mapper.ClassPathMapperScanner      : Skipping MapperFactoryBean with name 'sysLogMapper' and 'com.linjr.mapper.db1.SysLogMapper' mapperInterface. Bean already defined with the same name!
2021-05-21 11:06:54.175  WARN 23711 --- [restartedMain] o.m.s.mapper.ClassPathMapperScanner      : Skipping MapperFactoryBean with name 'sysPermissionMapper' and 'com.linjr.mapper.db1.SysPermissionMapper' mapperInterface. Bean already defined with the same name!
2021-05-21 11:06:54.176  WARN 23711 --- [restartedMain] o.m.s.mapper.ClassPathMapperScanner      : Skipping MapperFactoryBean with name 'sysRoleMapper' and 'com.linjr.mapper.db1.SysRoleMapper' mapperInterface. Bean already defined with the same name!
2021-05-21 11:06:54.176  WARN 23711 --- [restartedMain] o.m.s.mapper.ClassPathMapperScanner      : Skipping MapperFactoryBean with name 'sysRolePermissionMapper' and 'com.linjr.mapper.db1.SysRolePermissionMapper' mapperInterface. Bean already defined with the same name!
2021-05-21 11:06:54.176  WARN 23711 --- [restartedMain] o.m.s.mapper.ClassPathMapperScanner      : Skipping MapperFactoryBean with name 'sysUserMapper' and 'com.linjr.mapper.db1.SysUserMapper' mapperInterface. Bean already defined with the same name!
2021-05-21 11:06:54.176  WARN 23711 --- [restartedMain] o.m.s.mapper.ClassPathMapperScanner      : Skipping MapperFactoryBean with name 'sysUserRoleMapper' and 'com.linjr.mapper.db1.SysUserRoleMapper' mapperInterface. Bean already defined with the same name!
2021-05-21 11:06:54.176  WARN 23711 --- [restartedMain] o.m.s.mapper.ClassPathMapperScanner      : Skipping MapperFactoryBean with name 'testJpaMapper' and 'com.linjr.mapper.db1.TestJpaMapper' mapperInterface. Bean already defined with the same name!
2021-05-21 11:06:54.176  WARN 23711 --- [restartedMain] o.m.s.mapper.ClassPathMapperScanner      : Skipping MapperFactoryBean with name 'baseClientMapper' and 'com.linjr.mapper.db2.BaseClientMapper' mapperInterface. Bean already defined with the same name!
2021-05-21 11:06:54.176  WARN 23711 --- [restartedMain] o.m.s.mapper.ClassPathMapperScanner      : Skipping MapperFactoryBean with name 'baseClientShopMapper' and 'com.linjr.mapper.db2.BaseClientShopMapper' mapperInterface. Bean already defined with the same name!
2021-05-21 11:06:54.176  WARN 23711 --- [restartedMain] o.m.s.mapper.ClassPathMapperScanner      : Skipping MapperFactoryBean with name 'baseProductMapper' and 'com.linjr.mapper.db2.BaseProductMapper' mapperInterface. Bean already defined with the same name!
2021-05-21 11:06:54.176  WARN 23711 --- [restartedMain] o.m.s.mapper.ClassPathMapperScanner      : Skipping MapperFactoryBean with name 'baseProductSizeMapper' and 'com.linjr.mapper.db2.BaseProductSizeMapper' mapperInterface. Bean already defined with the same name!
2021-05-21 11:06:54.176  WARN 23711 --- [restartedMain] o.m.s.mapper.ClassPathMapperScanner      : Skipping MapperFactoryBean with name 'orderDetailMapper' and 'com.linjr.mapper.db2.OrderDetailMapper' mapperInterface. Bean already defined with the same name!
2021-05-21 11:06:54.176  WARN 23711 --- [restartedMain] o.m.s.mapper.ClassPathMapperScanner      : Skipping MapperFactoryBean with name 'orderMainMapper' and 'com.linjr.mapper.db2.OrderMainMapper' mapperInterface. Bean already defined with the same name!
2021-05-21 11:06:54.177  WARN 23711 --- [restartedMain] o.m.s.mapper.ClassPathMapperScanner      : Skipping MapperFactoryBean with name 'psoDelTestMapper' and 'com.linjr.mapper.db2.PsoDelTestMapper' mapperInterface. Bean already defined with the same name!
2021-05-21 11:06:54.177  WARN 23711 --- [restartedMain] o.m.s.mapper.ClassPathMapperScanner      : Skipping MapperFactoryBean with name 'sqlJpaTestMapper' and 'com.linjr.mapper.db2.SqlJpaTestMapper' mapperInterface. Bean already defined with the same name!
2021-05-21 11:06:54.177  WARN 23711 --- [restartedMain] o.m.s.mapper.ClassPathMapperScanner      : Skipping MapperFactoryBean with name 'vAllOrderDiscountMapper' and 'com.linjr.mapper.db2.vAllOrderDiscountMapper' mapperInterface. Bean already defined with the same name!
2021-05-21 11:06:54.177  WARN 23711 --- [restartedMain] o.m.s.mapper.ClassPathMapperScanner      : No MyBatis mapper was found in '[com.linjr.mapper]' package. Please check your configuration.
2021-05-21 11:06:54.423  INFO 23711 --- [restartedMain] .s.d.r.c.RepositoryConfigurationDelegate : Multiple Spring Data modules found, entering strict repository configuration mode!
2021-05-21 11:06:54.423  INFO 23711 --- [restartedMain] .s.d.r.c.RepositoryConfigurationDelegate : Bootstrapping Spring Data JPA repositories in DEFAULT mode.
2021-05-21 11:06:54.460  INFO 23711 --- [restartedMain] .s.d.r.c.RepositoryConfigurationDelegate : Finished Spring Data repository scanning in 27ms. Found 0 JPA repository interfaces.
2021-05-21 11:06:54.478  INFO 23711 --- [restartedMain] .s.d.r.c.RepositoryConfigurationDelegate : Multiple Spring Data modules found, entering strict repository configuration mode!
2021-05-21 11:06:54.479  INFO 23711 --- [restartedMain] .s.d.r.c.RepositoryConfigurationDelegate : Bootstrapping Spring Data Redis repositories in DEFAULT mode.
2021-05-21 11:06:54.498  INFO 23711 --- [restartedMain] .s.d.r.c.RepositoryConfigurationDelegate : Finished Spring Data repository scanning in 10ms. Found 0 Redis repository interfaces.
2021-05-21 11:06:54.783  INFO 23711 --- [restartedMain] o.s.cloud.context.scope.GenericScope     : BeanFactory id=75a597a6-6349-3aec-a424-53dd4d1b4bfb
2021-05-21 11:06:54.946  INFO 23711 --- [restartedMain] trationDelegate$BeanPostProcessorChecker : Bean 'org.springframework.transaction.annotation.ProxyTransactionManagementConfiguration' of type [org.springframework.transaction.annotation.ProxyTransactionManagementConfiguration] is not eligible for getting processed by all BeanPostProcessors (for example: not eligible for auto-proxying)
2021-05-21 11:06:55.085  INFO 23711 --- [restartedMain] trationDelegate$BeanPostProcessorChecker : Bean 'shiroConfig' of type [com.linjr.config.ShiroConfig$$EnhancerBySpringCGLIB$$4550886a] is not eligible for getting processed by all BeanPostProcessors (for example: not eligible for auto-proxying)
2021-05-21 11:06:55.324  INFO 23711 --- [restartedMain] trationDelegate$BeanPostProcessorChecker : Bean 'redisConfig' of type [com.linjr.config.RedisConfig$$EnhancerBySpringCGLIB$$901f0fb4] is not eligible for getting processed by all BeanPostProcessors (for example: not eligible for auto-proxying)
2021-05-21 11:06:55.335  INFO 23711 --- [restartedMain] trationDelegate$BeanPostProcessorChecker : Bean 'spring.redis-org.springframework.boot.autoconfigure.data.redis.RedisProperties' of type [org.springframework.boot.autoconfigure.data.redis.RedisProperties] is not eligible for getting processed by all BeanPostProcessors (for example: not eligible for auto-proxying)
2021-05-21 11:06:55.341  INFO 23711 --- [restartedMain] trationDelegate$BeanPostProcessorChecker : Bean 'org.springframework.boot.autoconfigure.data.redis.LettuceConnectionConfiguration' of type [org.springframework.boot.autoconfigure.data.redis.LettuceConnectionConfiguration] is not eligible for getting processed by all BeanPostProcessors (for example: not eligible for auto-proxying)
2021-05-21 11:06:55.423  INFO 23711 --- [restartedMain] trationDelegate$BeanPostProcessorChecker : Bean 'lettuceClientResources' of type [io.lettuce.core.resource.DefaultClientResources] is not eligible for getting processed by all BeanPostProcessors (for example: not eligible for auto-proxying)
2021-05-21 11:06:55.501  INFO 23711 --- [restartedMain] trationDelegate$BeanPostProcessorChecker : Bean 'redisConnectionFactory' of type [org.springframework.data.redis.connection.lettuce.LettuceConnectionFactory] is not eligible for getting processed by all BeanPostProcessors (for example: not eligible for auto-proxying)
2021-05-21 11:06:55.574  INFO 23711 --- [restartedMain] trationDelegate$BeanPostProcessorChecker : Bean 'redisTemplate' of type [org.springframework.data.redis.core.RedisTemplate] is not eligible for getting processed by all BeanPostProcessors (for example: not eligible for auto-proxying)
2021-05-21 11:06:55.592  INFO 23711 --- [restartedMain] trationDelegate$BeanPostProcessorChecker : Bean 'redisService' of type [com.linjr.service.RedisService] is not eligible for getting processed by all BeanPostProcessors (for example: not eligible for auto-proxying)
2021-05-21 11:06:55.594  INFO 23711 --- [restartedMain] trationDelegate$BeanPostProcessorChecker : Bean 'customHashedCredentialsMatcher' of type [com.linjr.shiro.CustomHashedCredentialsMatcher] is not eligible for getting processed by all BeanPostProcessors (for example: not eligible for auto-proxying)
2021-05-21 11:06:55.599  INFO 23711 --- [restartedMain] trationDelegate$BeanPostProcessorChecker : Bean 'cacheManager' of type [com.linjr.shiro.ShiroCacheManager] is not eligible for getting processed by all BeanPostProcessors (for example: not eligible for auto-proxying)
2021-05-21 11:06:55.618  INFO 23711 --- [restartedMain] trationDelegate$BeanPostProcessorChecker : Bean 'dataSource1Config' of type [com.linjr.datasources.DataSource1Config$$EnhancerBySpringCGLIB$$8bb831cd] is not eligible for getting processed by all BeanPostProcessors (for example: not eligible for auto-proxying)
2021-05-21 11:06:55.653  INFO 23711 --- [restartedMain] trationDelegate$BeanPostProcessorChecker : Bean 'db1DataSource' of type [com.alibaba.druid.pool.DruidDataSource] is not eligible for getting processed by all BeanPostProcessors (for example: not eligible for auto-proxying)
2021-05-21 11:06:55.681  INFO 23711 --- [restartedMain] trationDelegate$BeanPostProcessorChecker : Bean 'spring.datasource-org.springframework.boot.autoconfigure.jdbc.DataSourceProperties' of type [org.springframework.boot.autoconfigure.jdbc.DataSourceProperties] is not eligible for getting processed by all BeanPostProcessors (for example: not eligible for auto-proxying)
2021-05-21 11:06:55.688  INFO 23711 --- [restartedMain] trationDelegate$BeanPostProcessorChecker : Bean 'org.springframework.boot.autoconfigure.jdbc.DataSourceInitializerInvoker' of type [org.springframework.boot.autoconfigure.jdbc.DataSourceInitializerInvoker] is not eligible for getting processed by all BeanPostProcessors (for example: not eligible for auto-proxying)
2021-05-21 11:06:55.997  INFO 23711 --- [restartedMain] trationDelegate$BeanPostProcessorChecker : Bean 'db1SqlSessionFactory' of type [org.apache.ibatis.session.defaults.DefaultSqlSessionFactory] is not eligible for getting processed by all BeanPostProcessors (for example: not eligible for auto-proxying)
2021-05-21 11:06:56.003  INFO 23711 --- [restartedMain] trationDelegate$BeanPostProcessorChecker : Bean 'db1SqlSessionTemplate' of type [org.mybatis.spring.SqlSessionTemplate] is not eligible for getting processed by all BeanPostProcessors (for example: not eligible for auto-proxying)
2021-05-21 11:06:56.005  INFO 23711 --- [restartedMain] trationDelegate$BeanPostProcessorChecker : Bean 'sysRoleMapper' of type [org.mybatis.spring.mapper.MapperFactoryBean] is not eligible for getting processed by all BeanPostProcessors (for example: not eligible for auto-proxying)
2021-05-21 11:06:56.008  INFO 23711 --- [restartedMain] trationDelegate$BeanPostProcessorChecker : Bean 'sysRoleMapper' of type [com.sun.proxy.$Proxy108] is not eligible for getting processed by all BeanPostProcessors (for example: not eligible for auto-proxying)
2021-05-21 11:06:56.012  INFO 23711 --- [restartedMain] trationDelegate$BeanPostProcessorChecker : Bean 'sysRolePermissionMapper' of type [org.mybatis.spring.mapper.MapperFactoryBean] is not eligible for getting processed by all BeanPostProcessors (for example: not eligible for auto-proxying)
2021-05-21 11:06:56.012  INFO 23711 --- [restartedMain] trationDelegate$BeanPostProcessorChecker : Bean 'sysRolePermissionMapper' of type [com.sun.proxy.$Proxy110] is not eligible for getting processed by all BeanPostProcessors (for example: not eligible for auto-proxying)
2021-05-21 11:06:56.013  INFO 23711 --- [restartedMain] trationDelegate$BeanPostProcessorChecker : Bean 'rolePermissionServiceImpl' of type [com.linjr.service.Impl.RolePermissionServiceImpl] is not eligible for getting processed by all BeanPostProcessors (for example: not eligible for auto-proxying)
2021-05-21 11:06:56.017  INFO 23711 --- [restartedMain] trationDelegate$BeanPostProcessorChecker : Bean 'sysPermissionMapper' of type [org.mybatis.spring.mapper.MapperFactoryBean] is not eligible for getting processed by all BeanPostProcessors (for example: not eligible for auto-proxying)
2021-05-21 11:06:56.018  INFO 23711 --- [restartedMain] trationDelegate$BeanPostProcessorChecker : Bean 'sysPermissionMapper' of type [com.sun.proxy.$Proxy111] is not eligible for getting processed by all BeanPostProcessors (for example: not eligible for auto-proxying)
2021-05-21 11:06:56.022  INFO 23711 --- [restartedMain] trationDelegate$BeanPostProcessorChecker : Bean 'sysUserRoleMapper' of type [org.mybatis.spring.mapper.MapperFactoryBean] is not eligible for getting processed by all BeanPostProcessors (for example: not eligible for auto-proxying)
2021-05-21 11:06:56.023  INFO 23711 --- [restartedMain] trationDelegate$BeanPostProcessorChecker : Bean 'sysUserRoleMapper' of type [com.sun.proxy.$Proxy112] is not eligible for getting processed by all BeanPostProcessors (for example: not eligible for auto-proxying)
2021-05-21 11:06:56.024  INFO 23711 --- [restartedMain] trationDelegate$BeanPostProcessorChecker : Bean 'userRoleServiceImpl' of type [com.linjr.service.Impl.UserRoleServiceImpl] is not eligible for getting processed by all BeanPostProcessors (for example: not eligible for auto-proxying)
2021-05-21 11:06:56.044  INFO 23711 --- [restartedMain] trationDelegate$BeanPostProcessorChecker : Bean 'tokenSetting' of type [com.linjr.utils.TokenSetting$$EnhancerBySpringCGLIB$$f9ae3597] is not eligible for getting processed by all BeanPostProcessors (for example: not eligible for auto-proxying)
2021-05-21 11:06:56.045  INFO 23711 --- [restartedMain] trationDelegate$BeanPostProcessorChecker : Bean 'permissionServiceImpl' of type [com.linjr.service.Impl.PermissionServiceImpl] is not eligible for getting processed by all BeanPostProcessors (for example: not eligible for auto-proxying)
2021-05-21 11:06:56.051  INFO 23711 --- [restartedMain] trationDelegate$BeanPostProcessorChecker : Bean 'roleServiceImpl' of type [com.linjr.service.Impl.RoleServiceImpl] is not eligible for getting processed by all BeanPostProcessors (for example: not eligible for auto-proxying)
2021-05-21 11:06:56.055  INFO 23711 --- [restartedMain] trationDelegate$BeanPostProcessorChecker : Bean 'customRealm' of type [com.linjr.shiro.CustomRealm] is not eligible for getting processed by all BeanPostProcessors (for example: not eligible for auto-proxying)
2021-05-21 11:06:56.063  INFO 23711 --- [restartedMain] trationDelegate$BeanPostProcessorChecker : Bean 'securityManager' of type [org.apache.shiro.web.mgt.DefaultWebSecurityManager] is not eligible for getting processed by all BeanPostProcessors (for example: not eligible for auto-proxying)
2021-05-21 11:06:56.076  INFO 23711 --- [restartedMain] trationDelegate$BeanPostProcessorChecker : Bean 'authorizationAttributeSourceAdvisor' of type [org.apache.shiro.spring.security.interceptor.AuthorizationAttributeSourceAdvisor] is not eligible for getting processed by all BeanPostProcessors (for example: not eligible for auto-proxying)
2021-05-21 11:06:56.094  INFO 23711 --- [restartedMain] trationDelegate$BeanPostProcessorChecker : Bean 'org.springframework.cloud.autoconfigure.ConfigurationPropertiesRebinderAutoConfiguration' of type [org.springframework.cloud.autoconfigure.ConfigurationPropertiesRebinderAutoConfiguration] is not eligible for getting processed by all BeanPostProcessors (for example: not eligible for auto-proxying)
2021-05-21 11:06:56.524  INFO 23711 --- [restartedMain] o.s.b.w.embedded.tomcat.TomcatWebServer  : Tomcat initialized with port(s): 9001 (http)
2021-05-21 11:06:56.536  INFO 23711 --- [restartedMain] o.apache.catalina.core.StandardService   : Starting service [Tomcat]
2021-05-21 11:06:56.536  INFO 23711 --- [restartedMain] org.apache.catalina.core.StandardEngine  : Starting Servlet engine: [Apache Tomcat/9.0.29]
2021-05-21 11:06:56.664  INFO 23711 --- [restartedMain] o.a.c.c.C.[Tomcat].[localhost].[/]       : Initializing Spring embedded WebApplicationContext
2021-05-21 11:06:56.664  INFO 23711 --- [restartedMain] o.s.web.context.ContextLoader            : Root WebApplicationContext: initialization completed in 3254 ms
2021-05-21 11:06:56.911  INFO 23711 --- [restartedMain] o.hibernate.jpa.internal.util.LogHelper  : HHH000204: Processing PersistenceUnitInfo [name: default]
2021-05-21 11:06:57.036  INFO 23711 --- [restartedMain] org.hibernate.Version                    : HHH000412: Hibernate Core {5.4.9.Final}
2021-05-21 11:06:57.161  INFO 23711 --- [restartedMain] o.hibernate.annotations.common.Version   : HCANN000001: Hibernate Commons Annotations {5.1.0.Final}
2021-05-21 11:06:57.328  INFO 23711 --- [restartedMain] com.alibaba.druid.pool.DruidDataSource   : {dataSource-1} inited
2021-05-21 11:06:57.627  INFO 23711 --- [restartedMain] org.hibernate.dialect.Dialect            : HHH000400: Using dialect: org.hibernate.dialect.MySQLDialect
2021-05-21 11:06:58.100  INFO 23711 --- [restartedMain] o.h.e.t.j.p.i.JtaPlatformInitiator       : HHH000490: Using JtaPlatform implementation: [org.hibernate.engine.transaction.jta.platform.internal.NoJtaPlatform]
2021-05-21 11:06:58.110  INFO 23711 --- [restartedMain] j.LocalContainerEntityManagerFactoryBean : Initialized JPA EntityManagerFactory for persistence unit 'default'
2021-05-21 11:06:58.189  INFO 23711 --- [restartedMain] o.s.b.d.a.OptionalLiveReloadServer       : LiveReload server is running on port 35729
2021-05-21 11:06:59.029  WARN 23711 --- [restartedMain] JpaBaseConfiguration$JpaWebConfiguration : spring.jpa.open-in-view is enabled by default. Therefore, database queries may be performed during view rendering. Explicitly configure spring.jpa.open-in-view to disable this warning
2021-05-21 11:06:59.295  INFO 23711 --- [restartedMain] pertySourcedRequestMappingHandlerMapping : Mapped URL path [/v2/api-docs] onto method [springfox.documentation.swagger2.web.Swagger2Controller#getDocumentation(String, HttpServletRequest)]
2021-05-21 11:06:59.358  WARN 23711 --- [restartedMain] c.n.c.sources.URLConfigurationSource     : No URLs will be polled as dynamic configuration sources.
2021-05-21 11:06:59.358  INFO 23711 --- [restartedMain] c.n.c.sources.URLConfigurationSource     : To enable URLs as dynamic configuration sources, define System property archaius.configurationSource.additionalUrls or make config.properties available on classpath.
2021-05-21 11:06:59.362  WARN 23711 --- [restartedMain] c.n.c.sources.URLConfigurationSource     : No URLs will be polled as dynamic configuration sources.
2021-05-21 11:06:59.362  INFO 23711 --- [restartedMain] c.n.c.sources.URLConfigurationSource     : To enable URLs as dynamic configuration sources, define System property archaius.configurationSource.additionalUrls or make config.properties available on classpath.
2021-05-21 11:06:59.543  INFO 23711 --- [restartedMain] o.s.s.concurrent.ThreadPoolTaskExecutor  : Initializing ExecutorService 'applicationTaskExecutor'
2021-05-21 11:06:59.710  WARN 23711 --- [restartedMain] ion$DefaultTemplateResolverConfiguration : Cannot find template location: classpath:/templates/ (please add some templates or check your Thymeleaf configuration)
2021-05-21 11:07:00.266  INFO 23711 --- [restartedMain] o.s.s.c.ThreadPoolTaskScheduler          : Initializing ExecutorService
2021-05-21 11:07:00.594  INFO 23711 --- [restartedMain] d.s.w.p.DocumentationPluginsBootstrapper : Context refreshed
2021-05-21 11:07:00.616  INFO 23711 --- [restartedMain] d.s.w.p.DocumentationPluginsBootstrapper : Found 1 custom documentation plugin(s)
2021-05-21 11:07:00.619 ERROR 23711 --- [ThreadPoolTaskScheduler-1] o.s.c.a.nacos.discovery.NacosWatch       : Error watching Nacos Service change

java.lang.IllegalStateException: failed to req API:/nacos/v1/ns/service/list after all servers([localhost:8841, localhost:8842, localhost:8843]) tried: failed to req API:http://localhost:8842/nacos/v1/ns/service/list. code:500 msg: java.net.ConnectException: Connection refused (Connection refused)
	at com.alibaba.nacos.client.naming.net.NamingProxy.reqAPI(NamingProxy.java:380) ~[nacos-client-1.0.0.jar:na]
	at com.alibaba.nacos.client.naming.net.NamingProxy.reqAPI(NamingProxy.java:346) ~[nacos-client-1.0.0.jar:na]
	at com.alibaba.nacos.client.naming.net.NamingProxy.reqAPI(NamingProxy.java:294) ~[nacos-client-1.0.0.jar:na]
	at com.alibaba.nacos.client.naming.net.NamingProxy.getServiceList(NamingProxy.java:276) ~[nacos-client-1.0.0.jar:na]
	at com.alibaba.nacos.client.naming.net.NamingProxy.getServiceList(NamingProxy.java:252) ~[nacos-client-1.0.0.jar:na]
	at com.alibaba.nacos.client.naming.NacosNamingService.getServicesOfServer(NacosNamingService.java:525) ~[nacos-client-1.0.0.jar:na]
	at org.springframework.cloud.alibaba.nacos.discovery.NacosWatch.nacosServicesWatch(NacosWatch.java:127) ~[spring-cloud-alibaba-nacos-discovery-0.2.2.RELEASE.jar:0.2.2.RELEASE]
	at org.springframework.scheduling.support.DelegatingErrorHandlingRunnable.run(DelegatingErrorHandlingRunnable.java:54) ~[spring-context-5.2.2.RELEASE.jar:5.2.2.RELEASE]
	at java.util.concurrent.Executors$RunnableAdapter.call(Executors.java:511) ~[na:1.8.0_181]
	at java.util.concurrent.FutureTask.runAndReset$$$capture(FutureTask.java:308) ~[na:1.8.0_181]
	at java.util.concurrent.FutureTask.runAndReset(FutureTask.java) ~[na:1.8.0_181]
	at java.util.concurrent.ScheduledThreadPoolExecutor$ScheduledFutureTask.access$301(ScheduledThreadPoolExecutor.java:180) ~[na:1.8.0_181]
	at java.util.concurrent.ScheduledThreadPoolExecutor$ScheduledFutureTask.run(ScheduledThreadPoolExecutor.java:294) ~[na:1.8.0_181]
	at java.util.concurrent.ThreadPoolExecutor.runWorker(ThreadPoolExecutor.java:1149) ~[na:1.8.0_181]
	at java.util.concurrent.ThreadPoolExecutor$Worker.run(ThreadPoolExecutor.java:624) ~[na:1.8.0_181]
	at java.lang.Thread.run(Thread.java:748) ~[na:1.8.0_181]

2021-05-21 11:07:00.673  INFO 23711 --- [restartedMain] s.d.s.w.s.ApiListingReferenceScanner     : Scanning for api listing references
2021-05-21 11:07:00.975  INFO 23711 --- [restartedMain] .d.s.w.r.o.CachingOperationNameGenerator : Generating unique operation named: updateDeptUsingPUT_1
2021-05-21 11:07:01.015  INFO 23711 --- [restartedMain] .d.s.w.r.o.CachingOperationNameGenerator : Generating unique operation named: pageInfoUsingPOST_1
2021-05-21 11:07:01.063  INFO 23711 --- [restartedMain] .d.s.w.r.o.CachingOperationNameGenerator : Generating unique operation named: pageInfoUsingPOST_2
2021-05-21 11:07:01.066  WARN 23711 --- [restartedMain] s.d.s.w.r.p.ParameterDataTypeReader      : Trying to infer dataType java.util.List<com.linjr.entity.db2.BaseProduct>
2021-05-21 11:07:01.098  INFO 23711 --- [restartedMain] .d.s.w.r.o.CachingOperationNameGenerator : Generating unique operation named: getDeptTreeUsingGET_1
2021-05-21 11:07:01.114  INFO 23711 --- [restartedMain] .d.s.w.r.o.CachingOperationNameGenerator : Generating unique operation named: pageInfoUsingPOST_3
2021-05-21 11:07:01.144  INFO 23711 --- [restartedMain] .d.s.w.r.o.CachingOperationNameGenerator : Generating unique operation named: pageInfoUsingPOST_4
2021-05-21 11:07:01.226  INFO 23711 --- [restartedMain] o.s.b.w.embedded.tomcat.TomcatWebServer  : Tomcat started on port(s): 9001 (http) with context path ''
2021-05-21 11:07:01.339 ERROR 23711 --- [restartedMain] o.s.c.a.n.registry.NacosServiceRegistry  : nacos registry, rs-web register failed...NacosRegistration{nacosDiscoveryProperties=NacosDiscoveryProperties{serverAddr='localhost:8841,localhost:8842,localhost:8843', endpoint='', namespace='', watchDelay=30000, logName='', service='rs-web', weight=1.0, clusterName='DEFAULT', namingLoadCacheAtStart='false', metadata={preserved.register.source=SPRING_CLOUD}, registerEnabled=true, ip='10.0.1.4', networkInterface='', port=9001, secure=false, accessKey='', secretKey=''}},

java.lang.IllegalStateException: failed to req API:/nacos/v1/ns/instance after all servers([localhost:8841, localhost:8842, localhost:8843]) tried: failed to req API:http://localhost:8841/nacos/v1/ns/instance. code:500 msg: java.net.ConnectException: Connection refused (Connection refused)
	at com.alibaba.nacos.client.naming.net.NamingProxy.reqAPI(NamingProxy.java:380) ~[nacos-client-1.0.0.jar:na]
	at com.alibaba.nacos.client.naming.net.NamingProxy.reqAPI(NamingProxy.java:304) ~[nacos-client-1.0.0.jar:na]
	at com.alibaba.nacos.client.naming.net.NamingProxy.registerService(NamingProxy.java:186) ~[nacos-client-1.0.0.jar:na]
	at com.alibaba.nacos.client.naming.NacosNamingService.registerInstance(NacosNamingService.java:298) ~[nacos-client-1.0.0.jar:na]
	at com.alibaba.nacos.client.naming.NacosNamingService.registerInstance(NacosNamingService.java:279) ~[nacos-client-1.0.0.jar:na]
	at org.springframework.cloud.alibaba.nacos.registry.NacosServiceRegistry.register(NacosServiceRegistry.java:63) ~[spring-cloud-alibaba-nacos-discovery-0.2.2.RELEASE.jar:0.2.2.RELEASE]
	at org.springframework.cloud.client.serviceregistry.AbstractAutoServiceRegistration.register(AbstractAutoServiceRegistration.java:239) [spring-cloud-commons-2.2.0.RELEASE.jar:2.2.0.RELEASE]
	at org.springframework.cloud.alibaba.nacos.registry.NacosAutoServiceRegistration.register(NacosAutoServiceRegistration.java:74) [spring-cloud-alibaba-nacos-discovery-0.2.2.RELEASE.jar:0.2.2.RELEASE]
	at org.springframework.cloud.client.serviceregistry.AbstractAutoServiceRegistration.start(AbstractAutoServiceRegistration.java:138) [spring-cloud-commons-2.2.0.RELEASE.jar:2.2.0.RELEASE]
	at org.springframework.cloud.client.serviceregistry.AbstractAutoServiceRegistration.bind(AbstractAutoServiceRegistration.java:101) [spring-cloud-commons-2.2.0.RELEASE.jar:2.2.0.RELEASE]
	at org.springframework.cloud.client.serviceregistry.AbstractAutoServiceRegistration.onApplicationEvent(AbstractAutoServiceRegistration.java:88) [spring-cloud-commons-2.2.0.RELEASE.jar:2.2.0.RELEASE]
	at org.springframework.cloud.client.serviceregistry.AbstractAutoServiceRegistration.onApplicationEvent(AbstractAutoServiceRegistration.java:47) [spring-cloud-commons-2.2.0.RELEASE.jar:2.2.0.RELEASE]
	at org.springframework.context.event.SimpleApplicationEventMulticaster.doInvokeListener(SimpleApplicationEventMulticaster.java:172) [spring-context-5.2.2.RELEASE.jar:5.2.2.RELEASE]
	at org.springframework.context.event.SimpleApplicationEventMulticaster.invokeListener(SimpleApplicationEventMulticaster.java:165) [spring-context-5.2.2.RELEASE.jar:5.2.2.RELEASE]
	at org.springframework.context.event.SimpleApplicationEventMulticaster.multicastEvent(SimpleApplicationEventMulticaster.java:139) [spring-context-5.2.2.RELEASE.jar:5.2.2.RELEASE]
	at org.springframework.context.support.AbstractApplicationContext.publishEvent(AbstractApplicationContext.java:403) [spring-context-5.2.2.RELEASE.jar:5.2.2.RELEASE]
	at org.springframework.context.support.AbstractApplicationContext.publishEvent(AbstractApplicationContext.java:360) [spring-context-5.2.2.RELEASE.jar:5.2.2.RELEASE]
	at org.springframework.boot.web.servlet.context.ServletWebServerApplicationContext.finishRefresh(ServletWebServerApplicationContext.java:165) [spring-boot-2.2.2.RELEASE.jar:2.2.2.RELEASE]
	at org.springframework.context.support.AbstractApplicationContext.refresh(AbstractApplicationContext.java:553) [spring-context-5.2.2.RELEASE.jar:5.2.2.RELEASE]
	at org.springframework.boot.web.servlet.context.ServletWebServerApplicationContext.refresh(ServletWebServerApplicationContext.java:141) [spring-boot-2.2.2.RELEASE.jar:2.2.2.RELEASE]
	at org.springframework.boot.SpringApplication.refresh(SpringApplication.java:747) [spring-boot-2.2.2.RELEASE.jar:2.2.2.RELEASE]
	at org.springframework.boot.SpringApplication.refreshContext(SpringApplication.java:397) [spring-boot-2.2.2.RELEASE.jar:2.2.2.RELEASE]
	at org.springframework.boot.SpringApplication.run(SpringApplication.java:315) [spring-boot-2.2.2.RELEASE.jar:2.2.2.RELEASE]
	at org.springframework.boot.SpringApplication.run(SpringApplication.java:1226) [spring-boot-2.2.2.RELEASE.jar:2.2.2.RELEASE]
	at org.springframework.boot.SpringApplication.run(SpringApplication.java:1215) [spring-boot-2.2.2.RELEASE.jar:2.2.2.RELEASE]
	at com.linjr.RsWebApplication.main(RsWebApplication.java:19) [classes/:na]
	at sun.reflect.NativeMethodAccessorImpl.invoke0(Native Method) ~[na:1.8.0_181]
	at sun.reflect.NativeMethodAccessorImpl.invoke(NativeMethodAccessorImpl.java:62) ~[na:1.8.0_181]
	at sun.reflect.DelegatingMethodAccessorImpl.invoke(DelegatingMethodAccessorImpl.java:43) ~[na:1.8.0_181]
	at java.lang.reflect.Method.invoke(Method.java:498) ~[na:1.8.0_181]
	at org.springframework.boot.devtools.restart.RestartLauncher.run(RestartLauncher.java:49) [spring-boot-devtools-2.2.2.RELEASE.jar:2.2.2.RELEASE]

2021-05-21 11:07:01.345  INFO 23711 --- [restartedMain] com.linjr.RsWebApplication               : Started RsWebApplication in 8.848 seconds (JVM running for 10.394)
2021-05-21 11:07:15.875  INFO 23711 --- [SpringContextShutdownHook] o.s.c.a.n.registry.NacosServiceRegistry  : De-registering from Nacos Server now...
2021-05-21 11:07:15.881 ERROR 23711 --- [SpringContextShutdownHook] o.s.c.a.n.registry.NacosServiceRegistry  : ERR_NACOS_DEREGISTER, de-register failed...NacosRegistration{nacosDiscoveryProperties=NacosDiscoveryProperties{serverAddr='localhost:8841,localhost:8842,localhost:8843', endpoint='', namespace='', watchDelay=30000, logName='', service='rs-web', weight=1.0, clusterName='DEFAULT', namingLoadCacheAtStart='false', metadata={preserved.register.source=SPRING_CLOUD}, registerEnabled=true, ip='10.0.1.4', networkInterface='', port=9001, secure=false, accessKey='', secretKey=''}},

java.lang.IllegalStateException: failed to req API:/nacos/v1/ns/instance after all servers([localhost:8841, localhost:8842, localhost:8843]) tried: failed to req API:http://localhost:8841/nacos/v1/ns/instance. code:500 msg: java.net.ConnectException: Connection refused (Connection refused)
	at com.alibaba.nacos.client.naming.net.NamingProxy.reqAPI(NamingProxy.java:380) ~[nacos-client-1.0.0.jar:na]
	at com.alibaba.nacos.client.naming.net.NamingProxy.reqAPI(NamingProxy.java:304) ~[nacos-client-1.0.0.jar:na]
	at com.alibaba.nacos.client.naming.net.NamingProxy.deregisterService(NamingProxy.java:203) ~[nacos-client-1.0.0.jar:na]
	at com.alibaba.nacos.client.naming.NacosNamingService.deregisterInstance(NacosNamingService.java:329) ~[nacos-client-1.0.0.jar:na]
	at com.alibaba.nacos.client.naming.NacosNamingService.deregisterInstance(NacosNamingService.java:323) ~[nacos-client-1.0.0.jar:na]
	at com.alibaba.nacos.client.naming.NacosNamingService.deregisterInstance(NacosNamingService.java:313) ~[nacos-client-1.0.0.jar:na]
	at org.springframework.cloud.alibaba.nacos.registry.NacosServiceRegistry.deregister(NacosServiceRegistry.java:87) ~[spring-cloud-alibaba-nacos-discovery-0.2.2.RELEASE.jar:0.2.2.RELEASE]
	at org.springframework.cloud.client.serviceregistry.AbstractAutoServiceRegistration.deregister(AbstractAutoServiceRegistration.java:256) [spring-cloud-commons-2.2.0.RELEASE.jar:2.2.0.RELEASE]
	at org.springframework.cloud.client.serviceregistry.AbstractAutoServiceRegistration.stop(AbstractAutoServiceRegistration.java:271) [spring-cloud-commons-2.2.0.RELEASE.jar:2.2.0.RELEASE]
	at org.springframework.cloud.client.serviceregistry.AbstractAutoServiceRegistration.destroy(AbstractAutoServiceRegistration.java:208) [spring-cloud-commons-2.2.0.RELEASE.jar:2.2.0.RELEASE]
	at sun.reflect.NativeMethodAccessorImpl.invoke0(Native Method) ~[na:1.8.0_181]
	at sun.reflect.NativeMethodAccessorImpl.invoke(NativeMethodAccessorImpl.java:62) ~[na:1.8.0_181]
	at sun.reflect.DelegatingMethodAccessorImpl.invoke(DelegatingMethodAccessorImpl.java:43) ~[na:1.8.0_181]
	at java.lang.reflect.Method.invoke(Method.java:498) ~[na:1.8.0_181]
	at org.springframework.beans.factory.annotation.InitDestroyAnnotationBeanPostProcessor$LifecycleElement.invoke(InitDestroyAnnotationBeanPostProcessor.java:389) [spring-beans-5.2.2.RELEASE.jar:5.2.2.RELEASE]
	at org.springframework.beans.factory.annotation.InitDestroyAnnotationBeanPostProcessor$LifecycleMetadata.invokeDestroyMethods(InitDestroyAnnotationBeanPostProcessor.java:347) [spring-beans-5.2.2.RELEASE.jar:5.2.2.RELEASE]
	at org.springframework.beans.factory.annotation.InitDestroyAnnotationBeanPostProcessor.postProcessBeforeDestruction(InitDestroyAnnotationBeanPostProcessor.java:177) [spring-beans-5.2.2.RELEASE.jar:5.2.2.RELEASE]
	at org.springframework.beans.factory.support.DisposableBeanAdapter.destroy(DisposableBeanAdapter.java:242) [spring-beans-5.2.2.RELEASE.jar:5.2.2.RELEASE]
	at org.springframework.beans.factory.support.DefaultSingletonBeanRegistry.destroyBean(DefaultSingletonBeanRegistry.java:571) [spring-beans-5.2.2.RELEASE.jar:5.2.2.RELEASE]
	at org.springframework.beans.factory.support.DefaultSingletonBeanRegistry.destroySingleton(DefaultSingletonBeanRegistry.java:543) [spring-beans-5.2.2.RELEASE.jar:5.2.2.RELEASE]
	at org.springframework.beans.factory.support.DefaultListableBeanFactory.destroySingleton(DefaultListableBeanFactory.java:1072) [spring-beans-5.2.2.RELEASE.jar:5.2.2.RELEASE]
	at org.springframework.beans.factory.support.DefaultSingletonBeanRegistry.destroySingletons(DefaultSingletonBeanRegistry.java:504) [spring-beans-5.2.2.RELEASE.jar:5.2.2.RELEASE]
	at org.springframework.beans.factory.support.DefaultListableBeanFactory.destroySingletons(DefaultListableBeanFactory.java:1065) [spring-beans-5.2.2.RELEASE.jar:5.2.2.RELEASE]
	at org.springframework.context.support.AbstractApplicationContext.destroyBeans(AbstractApplicationContext.java:1060) [spring-context-5.2.2.RELEASE.jar:5.2.2.RELEASE]
	at org.springframework.context.support.AbstractApplicationContext.doClose(AbstractApplicationContext.java:1029) [spring-context-5.2.2.RELEASE.jar:5.2.2.RELEASE]
	at org.springframework.context.support.AbstractApplicationContext$1.run(AbstractApplicationContext.java:948) [spring-context-5.2.2.RELEASE.jar:5.2.2.RELEASE]

2021-05-21 11:07:15.882  INFO 23711 --- [SpringContextShutdownHook] o.s.c.a.n.registry.NacosServiceRegistry  : De-registration finished.
2021-05-21 11:07:15.884  INFO 23711 --- [SpringContextShutdownHook] o.s.s.concurrent.ThreadPoolTaskExecutor  : Shutting down ExecutorService 'applicationTaskExecutor'
2021-05-21 11:07:15.899  WARN 23711 --- [SpringContextShutdownHook] c.n.c.sources.URLConfigurationSource     : No URLs will be polled as dynamic configuration sources.
2021-05-21 11:07:15.899  INFO 23711 --- [SpringContextShutdownHook] c.n.c.sources.URLConfigurationSource     : To enable URLs as dynamic configuration sources, define System property archaius.configurationSource.additionalUrls or make config.properties available on classpath.
2021-05-21 11:07:15.905  INFO 23711 --- [SpringContextShutdownHook] j.LocalContainerEntityManagerFactoryBean : Closing JPA EntityManagerFactory for persistence unit 'default'
2021-05-21 11:07:15.913  INFO 23711 --- [SpringContextShutdownHook] com.alibaba.druid.pool.DruidDataSource   : {dataSource-1} closed
2021-05-21 11:09:02.086  INFO 24173 --- [restartedMain] com.linjr.RsWebApplication               : No active profile set, falling back to default profiles: default
2021-05-21 11:09:04.882  WARN 24173 --- [restartedMain] o.m.s.mapper.ClassPathMapperScanner      : Skipping MapperFactoryBean with name 'ipadManagerMapper' and 'com.linjr.mapper.db1.IpadManagerMapper' mapperInterface. Bean already defined with the same name!
2021-05-21 11:09:04.883  WARN 24173 --- [restartedMain] o.m.s.mapper.ClassPathMapperScanner      : Skipping MapperFactoryBean with name 'regionMapper' and 'com.linjr.mapper.db1.RegionMapper' mapperInterface. Bean already defined with the same name!
2021-05-21 11:09:04.884  WARN 24173 --- [restartedMain] o.m.s.mapper.ClassPathMapperScanner      : Skipping MapperFactoryBean with name 'sysDeptMapper' and 'com.linjr.mapper.db1.SysDeptMapper' mapperInterface. Bean already defined with the same name!
2021-05-21 11:09:04.884  WARN 24173 --- [restartedMain] o.m.s.mapper.ClassPathMapperScanner      : Skipping MapperFactoryBean with name 'sysLogMapper' and 'com.linjr.mapper.db1.SysLogMapper' mapperInterface. Bean already defined with the same name!
2021-05-21 11:09:04.884  WARN 24173 --- [restartedMain] o.m.s.mapper.ClassPathMapperScanner      : Skipping MapperFactoryBean with name 'sysPermissionMapper' and 'com.linjr.mapper.db1.SysPermissionMapper' mapperInterface. Bean already defined with the same name!
2021-05-21 11:09:04.884  WARN 24173 --- [restartedMain] o.m.s.mapper.ClassPathMapperScanner      : Skipping MapperFactoryBean with name 'sysRoleMapper' and 'com.linjr.mapper.db1.SysRoleMapper' mapperInterface. Bean already defined with the same name!
2021-05-21 11:09:04.884  WARN 24173 --- [restartedMain] o.m.s.mapper.ClassPathMapperScanner      : Skipping MapperFactoryBean with name 'sysRolePermissionMapper' and 'com.linjr.mapper.db1.SysRolePermissionMapper' mapperInterface. Bean already defined with the same name!
2021-05-21 11:09:04.884  WARN 24173 --- [restartedMain] o.m.s.mapper.ClassPathMapperScanner      : Skipping MapperFactoryBean with name 'sysUserMapper' and 'com.linjr.mapper.db1.SysUserMapper' mapperInterface. Bean already defined with the same name!
2021-05-21 11:09:04.885  WARN 24173 --- [restartedMain] o.m.s.mapper.ClassPathMapperScanner      : Skipping MapperFactoryBean with name 'sysUserRoleMapper' and 'com.linjr.mapper.db1.SysUserRoleMapper' mapperInterface. Bean already defined with the same name!
2021-05-21 11:09:04.885  WARN 24173 --- [restartedMain] o.m.s.mapper.ClassPathMapperScanner      : Skipping MapperFactoryBean with name 'testJpaMapper' and 'com.linjr.mapper.db1.TestJpaMapper' mapperInterface. Bean already defined with the same name!
2021-05-21 11:09:04.886  WARN 24173 --- [restartedMain] o.m.s.mapper.ClassPathMapperScanner      : Skipping MapperFactoryBean with name 'baseClientMapper' and 'com.linjr.mapper.db2.BaseClientMapper' mapperInterface. Bean already defined with the same name!
2021-05-21 11:09:04.887  WARN 24173 --- [restartedMain] o.m.s.mapper.ClassPathMapperScanner      : Skipping MapperFactoryBean with name 'baseClientShopMapper' and 'com.linjr.mapper.db2.BaseClientShopMapper' mapperInterface. Bean already defined with the same name!
2021-05-21 11:09:04.888  WARN 24173 --- [restartedMain] o.m.s.mapper.ClassPathMapperScanner      : Skipping MapperFactoryBean with name 'baseProductMapper' and 'com.linjr.mapper.db2.BaseProductMapper' mapperInterface. Bean already defined with the same name!
2021-05-21 11:09:04.889  WARN 24173 --- [restartedMain] o.m.s.mapper.ClassPathMapperScanner      : Skipping MapperFactoryBean with name 'baseProductSizeMapper' and 'com.linjr.mapper.db2.BaseProductSizeMapper' mapperInterface. Bean already defined with the same name!
2021-05-21 11:09:04.890  WARN 24173 --- [restartedMain] o.m.s.mapper.ClassPathMapperScanner      : Skipping MapperFactoryBean with name 'orderDetailMapper' and 'com.linjr.mapper.db2.OrderDetailMapper' mapperInterface. Bean already defined with the same name!
2021-05-21 11:09:04.891  WARN 24173 --- [restartedMain] o.m.s.mapper.ClassPathMapperScanner      : Skipping MapperFactoryBean with name 'orderMainMapper' and 'com.linjr.mapper.db2.OrderMainMapper' mapperInterface. Bean already defined with the same name!
2021-05-21 11:09:04.892  WARN 24173 --- [restartedMain] o.m.s.mapper.ClassPathMapperScanner      : Skipping MapperFactoryBean with name 'psoDelTestMapper' and 'com.linjr.mapper.db2.PsoDelTestMapper' mapperInterface. Bean already defined with the same name!
2021-05-21 11:09:04.892  WARN 24173 --- [restartedMain] o.m.s.mapper.ClassPathMapperScanner      : Skipping MapperFactoryBean with name 'sqlJpaTestMapper' and 'com.linjr.mapper.db2.SqlJpaTestMapper' mapperInterface. Bean already defined with the same name!
2021-05-21 11:09:04.893  WARN 24173 --- [restartedMain] o.m.s.mapper.ClassPathMapperScanner      : Skipping MapperFactoryBean with name 'vAllOrderDiscountMapper' and 'com.linjr.mapper.db2.vAllOrderDiscountMapper' mapperInterface. Bean already defined with the same name!
2021-05-21 11:09:04.894  WARN 24173 --- [restartedMain] o.m.s.mapper.ClassPathMapperScanner      : No MyBatis mapper was found in '[com.linjr.mapper]' package. Please check your configuration.
2021-05-21 11:09:05.575  INFO 24173 --- [restartedMain] .s.d.r.c.RepositoryConfigurationDelegate : Multiple Spring Data modules found, entering strict repository configuration mode!
2021-05-21 11:09:05.576  INFO 24173 --- [restartedMain] .s.d.r.c.RepositoryConfigurationDelegate : Bootstrapping Spring Data JPA repositories in DEFAULT mode.
2021-05-21 11:09:05.652  INFO 24173 --- [restartedMain] .s.d.r.c.RepositoryConfigurationDelegate : Finished Spring Data repository scanning in 51ms. Found 0 JPA repository interfaces.
2021-05-21 11:09:05.684  INFO 24173 --- [restartedMain] .s.d.r.c.RepositoryConfigurationDelegate : Multiple Spring Data modules found, entering strict repository configuration mode!
2021-05-21 11:09:05.687  INFO 24173 --- [restartedMain] .s.d.r.c.RepositoryConfigurationDelegate : Bootstrapping Spring Data Redis repositories in DEFAULT mode.
2021-05-21 11:09:05.735  INFO 24173 --- [restartedMain] .s.d.r.c.RepositoryConfigurationDelegate : Finished Spring Data repository scanning in 24ms. Found 0 Redis repository interfaces.
2021-05-21 11:09:06.589  INFO 24173 --- [restartedMain] o.s.cloud.context.scope.GenericScope     : BeanFactory id=75a597a6-6349-3aec-a424-53dd4d1b4bfb
2021-05-21 11:09:07.183  INFO 24173 --- [restartedMain] trationDelegate$BeanPostProcessorChecker : Bean 'org.springframework.transaction.annotation.ProxyTransactionManagementConfiguration' of type [org.springframework.transaction.annotation.ProxyTransactionManagementConfiguration] is not eligible for getting processed by all BeanPostProcessors (for example: not eligible for auto-proxying)
2021-05-21 11:09:07.621  INFO 24173 --- [restartedMain] trationDelegate$BeanPostProcessorChecker : Bean 'shiroConfig' of type [com.linjr.config.ShiroConfig$$EnhancerBySpringCGLIB$$1c7882ac] is not eligible for getting processed by all BeanPostProcessors (for example: not eligible for auto-proxying)
2021-05-21 11:09:08.185  INFO 24173 --- [restartedMain] trationDelegate$BeanPostProcessorChecker : Bean 'redisConfig' of type [com.linjr.config.RedisConfig$$EnhancerBySpringCGLIB$$674709f6] is not eligible for getting processed by all BeanPostProcessors (for example: not eligible for auto-proxying)
2021-05-21 11:09:08.216  INFO 24173 --- [restartedMain] trationDelegate$BeanPostProcessorChecker : Bean 'spring.redis-org.springframework.boot.autoconfigure.data.redis.RedisProperties' of type [org.springframework.boot.autoconfigure.data.redis.RedisProperties] is not eligible for getting processed by all BeanPostProcessors (for example: not eligible for auto-proxying)
2021-05-21 11:09:08.230  INFO 24173 --- [restartedMain] trationDelegate$BeanPostProcessorChecker : Bean 'org.springframework.boot.autoconfigure.data.redis.LettuceConnectionConfiguration' of type [org.springframework.boot.autoconfigure.data.redis.LettuceConnectionConfiguration] is not eligible for getting processed by all BeanPostProcessors (for example: not eligible for auto-proxying)
2021-05-21 11:09:08.450  INFO 24173 --- [restartedMain] trationDelegate$BeanPostProcessorChecker : Bean 'lettuceClientResources' of type [io.lettuce.core.resource.DefaultClientResources] is not eligible for getting processed by all BeanPostProcessors (for example: not eligible for auto-proxying)
2021-05-21 11:09:08.713  INFO 24173 --- [restartedMain] trationDelegate$BeanPostProcessorChecker : Bean 'redisConnectionFactory' of type [org.springframework.data.redis.connection.lettuce.LettuceConnectionFactory] is not eligible for getting processed by all BeanPostProcessors (for example: not eligible for auto-proxying)
2021-05-21 11:09:08.929  INFO 24173 --- [restartedMain] trationDelegate$BeanPostProcessorChecker : Bean 'redisTemplate' of type [org.springframework.data.redis.core.RedisTemplate] is not eligible for getting processed by all BeanPostProcessors (for example: not eligible for auto-proxying)
2021-05-21 11:09:08.962  INFO 24173 --- [restartedMain] trationDelegate$BeanPostProcessorChecker : Bean 'redisService' of type [com.linjr.service.RedisService] is not eligible for getting processed by all BeanPostProcessors (for example: not eligible for auto-proxying)
2021-05-21 11:09:08.966  INFO 24173 --- [restartedMain] trationDelegate$BeanPostProcessorChecker : Bean 'customHashedCredentialsMatcher' of type [com.linjr.shiro.CustomHashedCredentialsMatcher] is not eligible for getting processed by all BeanPostProcessors (for example: not eligible for auto-proxying)
2021-05-21 11:09:08.973  INFO 24173 --- [restartedMain] trationDelegate$BeanPostProcessorChecker : Bean 'cacheManager' of type [com.linjr.shiro.ShiroCacheManager] is not eligible for getting processed by all BeanPostProcessors (for example: not eligible for auto-proxying)
2021-05-21 11:09:09.039  INFO 24173 --- [restartedMain] trationDelegate$BeanPostProcessorChecker : Bean 'dataSource1Config' of type [com.linjr.datasources.DataSource1Config$$EnhancerBySpringCGLIB$$62e02c0f] is not eligible for getting processed by all BeanPostProcessors (for example: not eligible for auto-proxying)
2021-05-21 11:09:09.227  INFO 24173 --- [restartedMain] trationDelegate$BeanPostProcessorChecker : Bean 'db1DataSource' of type [com.alibaba.druid.pool.DruidDataSource] is not eligible for getting processed by all BeanPostProcessors (for example: not eligible for auto-proxying)
2021-05-21 11:09:09.354  INFO 24173 --- [restartedMain] trationDelegate$BeanPostProcessorChecker : Bean 'spring.datasource-org.springframework.boot.autoconfigure.jdbc.DataSourceProperties' of type [org.springframework.boot.autoconfigure.jdbc.DataSourceProperties] is not eligible for getting processed by all BeanPostProcessors (for example: not eligible for auto-proxying)
2021-05-21 11:09:09.378  INFO 24173 --- [restartedMain] trationDelegate$BeanPostProcessorChecker : Bean 'org.springframework.boot.autoconfigure.jdbc.DataSourceInitializerInvoker' of type [org.springframework.boot.autoconfigure.jdbc.DataSourceInitializerInvoker] is not eligible for getting processed by all BeanPostProcessors (for example: not eligible for auto-proxying)
2021-05-21 11:09:10.719  INFO 24173 --- [restartedMain] trationDelegate$BeanPostProcessorChecker : Bean 'db1SqlSessionFactory' of type [org.apache.ibatis.session.defaults.DefaultSqlSessionFactory] is not eligible for getting processed by all BeanPostProcessors (for example: not eligible for auto-proxying)
2021-05-21 11:09:10.748  INFO 24173 --- [restartedMain] trationDelegate$BeanPostProcessorChecker : Bean 'db1SqlSessionTemplate' of type [org.mybatis.spring.SqlSessionTemplate] is not eligible for getting processed by all BeanPostProcessors (for example: not eligible for auto-proxying)
2021-05-21 11:09:10.758  INFO 24173 --- [restartedMain] trationDelegate$BeanPostProcessorChecker : Bean 'sysRoleMapper' of type [org.mybatis.spring.mapper.MapperFactoryBean] is not eligible for getting processed by all BeanPostProcessors (for example: not eligible for auto-proxying)
2021-05-21 11:09:10.766  INFO 24173 --- [restartedMain] trationDelegate$BeanPostProcessorChecker : Bean 'sysRoleMapper' of type [com.sun.proxy.$Proxy108] is not eligible for getting processed by all BeanPostProcessors (for example: not eligible for auto-proxying)
2021-05-21 11:09:10.812  INFO 24173 --- [restartedMain] trationDelegate$BeanPostProcessorChecker : Bean 'sysRolePermissionMapper' of type [org.mybatis.spring.mapper.MapperFactoryBean] is not eligible for getting processed by all BeanPostProcessors (for example: not eligible for auto-proxying)
2021-05-21 11:09:10.814  INFO 24173 --- [restartedMain] trationDelegate$BeanPostProcessorChecker : Bean 'sysRolePermissionMapper' of type [com.sun.proxy.$Proxy110] is not eligible for getting processed by all BeanPostProcessors (for example: not eligible for auto-proxying)
2021-05-21 11:09:10.816  INFO 24173 --- [restartedMain] trationDelegate$BeanPostProcessorChecker : Bean 'rolePermissionServiceImpl' of type [com.linjr.service.Impl.RolePermissionServiceImpl] is not eligible for getting processed by all BeanPostProcessors (for example: not eligible for auto-proxying)
2021-05-21 11:09:10.831  INFO 24173 --- [restartedMain] trationDelegate$BeanPostProcessorChecker : Bean 'sysPermissionMapper' of type [org.mybatis.spring.mapper.MapperFactoryBean] is not eligible for getting processed by all BeanPostProcessors (for example: not eligible for auto-proxying)
2021-05-21 11:09:10.833  INFO 24173 --- [restartedMain] trationDelegate$BeanPostProcessorChecker : Bean 'sysPermissionMapper' of type [com.sun.proxy.$Proxy111] is not eligible for getting processed by all BeanPostProcessors (for example: not eligible for auto-proxying)
2021-05-21 11:09:10.849  INFO 24173 --- [restartedMain] trationDelegate$BeanPostProcessorChecker : Bean 'sysUserRoleMapper' of type [org.mybatis.spring.mapper.MapperFactoryBean] is not eligible for getting processed by all BeanPostProcessors (for example: not eligible for auto-proxying)
2021-05-21 11:09:10.852  INFO 24173 --- [restartedMain] trationDelegate$BeanPostProcessorChecker : Bean 'sysUserRoleMapper' of type [com.sun.proxy.$Proxy112] is not eligible for getting processed by all BeanPostProcessors (for example: not eligible for auto-proxying)
2021-05-21 11:09:10.857  INFO 24173 --- [restartedMain] trationDelegate$BeanPostProcessorChecker : Bean 'userRoleServiceImpl' of type [com.linjr.service.Impl.UserRoleServiceImpl] is not eligible for getting processed by all BeanPostProcessors (for example: not eligible for auto-proxying)
2021-05-21 11:09:11.022  INFO 24173 --- [restartedMain] trationDelegate$BeanPostProcessorChecker : Bean 'tokenSetting' of type [com.linjr.utils.TokenSetting$$EnhancerBySpringCGLIB$$d0d62fd9] is not eligible for getting processed by all BeanPostProcessors (for example: not eligible for auto-proxying)
2021-05-21 11:09:11.033  INFO 24173 --- [restartedMain] trationDelegate$BeanPostProcessorChecker : Bean 'permissionServiceImpl' of type [com.linjr.service.Impl.PermissionServiceImpl] is not eligible for getting processed by all BeanPostProcessors (for example: not eligible for auto-proxying)
2021-05-21 11:09:11.055  INFO 24173 --- [restartedMain] trationDelegate$BeanPostProcessorChecker : Bean 'roleServiceImpl' of type [com.linjr.service.Impl.RoleServiceImpl] is not eligible for getting processed by all BeanPostProcessors (for example: not eligible for auto-proxying)
2021-05-21 11:09:11.070  INFO 24173 --- [restartedMain] trationDelegate$BeanPostProcessorChecker : Bean 'customRealm' of type [com.linjr.shiro.CustomRealm] is not eligible for getting processed by all BeanPostProcessors (for example: not eligible for auto-proxying)
2021-05-21 11:09:11.098  INFO 24173 --- [restartedMain] trationDelegate$BeanPostProcessorChecker : Bean 'securityManager' of type [org.apache.shiro.web.mgt.DefaultWebSecurityManager] is not eligible for getting processed by all BeanPostProcessors (for example: not eligible for auto-proxying)
2021-05-21 11:09:11.172  INFO 24173 --- [restartedMain] trationDelegate$BeanPostProcessorChecker : Bean 'authorizationAttributeSourceAdvisor' of type [org.apache.shiro.spring.security.interceptor.AuthorizationAttributeSourceAdvisor] is not eligible for getting processed by all BeanPostProcessors (for example: not eligible for auto-proxying)
2021-05-21 11:09:11.253  INFO 24173 --- [restartedMain] trationDelegate$BeanPostProcessorChecker : Bean 'org.springframework.cloud.autoconfigure.ConfigurationPropertiesRebinderAutoConfiguration' of type [org.springframework.cloud.autoconfigure.ConfigurationPropertiesRebinderAutoConfiguration] is not eligible for getting processed by all BeanPostProcessors (for example: not eligible for auto-proxying)
2021-05-21 11:09:12.714  INFO 24173 --- [restartedMain] o.s.b.w.embedded.tomcat.TomcatWebServer  : Tomcat initialized with port(s): 9001 (http)
2021-05-21 11:09:12.743  INFO 24173 --- [restartedMain] o.apache.catalina.core.StandardService   : Starting service [Tomcat]
2021-05-21 11:09:12.743  INFO 24173 --- [restartedMain] org.apache.catalina.core.StandardEngine  : Starting Servlet engine: [Apache Tomcat/9.0.29]
2021-05-21 11:09:13.078  INFO 24173 --- [restartedMain] o.a.c.c.C.[Tomcat].[localhost].[/]       : Initializing Spring embedded WebApplicationContext
2021-05-21 11:09:13.079  INFO 24173 --- [restartedMain] o.s.web.context.ContextLoader            : Root WebApplicationContext: initialization completed in 10931 ms
2021-05-21 11:09:13.898  INFO 24173 --- [restartedMain] o.hibernate.jpa.internal.util.LogHelper  : HHH000204: Processing PersistenceUnitInfo [name: default]
2021-05-21 11:09:14.089  INFO 24173 --- [restartedMain] org.hibernate.Version                    : HHH000412: Hibernate Core {5.4.9.Final}
2021-05-21 11:09:14.405  INFO 24173 --- [restartedMain] o.hibernate.annotations.common.Version   : HCANN000001: Hibernate Commons Annotations {5.1.0.Final}
2021-05-21 11:09:14.766  INFO 24173 --- [restartedMain] com.alibaba.druid.pool.DruidDataSource   : {dataSource-1} inited
2021-05-21 11:09:15.152  INFO 24173 --- [restartedMain] org.hibernate.dialect.Dialect            : HHH000400: Using dialect: org.hibernate.dialect.MySQLDialect
2021-05-21 11:09:16.041  INFO 24173 --- [restartedMain] o.h.e.t.j.p.i.JtaPlatformInitiator       : HHH000490: Using JtaPlatform implementation: [org.hibernate.engine.transaction.jta.platform.internal.NoJtaPlatform]
2021-05-21 11:09:16.062  INFO 24173 --- [restartedMain] j.LocalContainerEntityManagerFactoryBean : Initialized JPA EntityManagerFactory for persistence unit 'default'
2021-05-21 11:09:16.322  INFO 24173 --- [restartedMain] o.s.b.d.a.OptionalLiveReloadServer       : LiveReload server is running on port 35729
2021-05-21 11:09:19.195  WARN 24173 --- [restartedMain] JpaBaseConfiguration$JpaWebConfiguration : spring.jpa.open-in-view is enabled by default. Therefore, database queries may be performed during view rendering. Explicitly configure spring.jpa.open-in-view to disable this warning
2021-05-21 11:09:19.854  INFO 24173 --- [restartedMain] pertySourcedRequestMappingHandlerMapping : Mapped URL path [/v2/api-docs] onto method [springfox.documentation.swagger2.web.Swagger2Controller#getDocumentation(String, HttpServletRequest)]
2021-05-21 11:09:20.006  WARN 24173 --- [restartedMain] c.n.c.sources.URLConfigurationSource     : No URLs will be polled as dynamic configuration sources.
2021-05-21 11:09:20.006  INFO 24173 --- [restartedMain] c.n.c.sources.URLConfigurationSource     : To enable URLs as dynamic configuration sources, define System property archaius.configurationSource.additionalUrls or make config.properties available on classpath.
2021-05-21 11:09:20.019  WARN 24173 --- [restartedMain] c.n.c.sources.URLConfigurationSource     : No URLs will be polled as dynamic configuration sources.
2021-05-21 11:09:20.019  INFO 24173 --- [restartedMain] c.n.c.sources.URLConfigurationSource     : To enable URLs as dynamic configuration sources, define System property archaius.configurationSource.additionalUrls or make config.properties available on classpath.
2021-05-21 11:09:20.771  INFO 24173 --- [restartedMain] o.s.s.concurrent.ThreadPoolTaskExecutor  : Initializing ExecutorService 'applicationTaskExecutor'
2021-05-21 11:09:21.436  WARN 24173 --- [restartedMain] ion$DefaultTemplateResolverConfiguration : Cannot find template location: classpath:/templates/ (please add some templates or check your Thymeleaf configuration)
2021-05-21 11:09:23.084  INFO 24173 --- [restartedMain] o.s.s.c.ThreadPoolTaskScheduler          : Initializing ExecutorService
2021-05-21 11:09:24.150  INFO 24173 --- [restartedMain] d.s.w.p.DocumentationPluginsBootstrapper : Context refreshed
2021-05-21 11:09:24.205 ERROR 24173 --- [ThreadPoolTaskScheduler-1] o.s.c.a.nacos.discovery.NacosWatch       : Error watching Nacos Service change

java.lang.IllegalStateException: failed to req API:/nacos/v1/ns/service/list after all servers([localhost:8841, localhost:8842, localhost:8843]) tried: failed to req API:http://localhost:8841/nacos/v1/ns/service/list. code:500 msg: java.net.ConnectException: Connection refused (Connection refused)
	at com.alibaba.nacos.client.naming.net.NamingProxy.reqAPI(NamingProxy.java:380) ~[nacos-client-1.0.0.jar:na]
	at com.alibaba.nacos.client.naming.net.NamingProxy.reqAPI(NamingProxy.java:346) ~[nacos-client-1.0.0.jar:na]
	at com.alibaba.nacos.client.naming.net.NamingProxy.reqAPI(NamingProxy.java:294) ~[nacos-client-1.0.0.jar:na]
	at com.alibaba.nacos.client.naming.net.NamingProxy.getServiceList(NamingProxy.java:276) ~[nacos-client-1.0.0.jar:na]
	at com.alibaba.nacos.client.naming.net.NamingProxy.getServiceList(NamingProxy.java:252) ~[nacos-client-1.0.0.jar:na]
	at com.alibaba.nacos.client.naming.NacosNamingService.getServicesOfServer(NacosNamingService.java:525) ~[nacos-client-1.0.0.jar:na]
	at org.springframework.cloud.alibaba.nacos.discovery.NacosWatch.nacosServicesWatch(NacosWatch.java:127) ~[spring-cloud-alibaba-nacos-discovery-0.2.2.RELEASE.jar:0.2.2.RELEASE]
	at org.springframework.scheduling.support.DelegatingErrorHandlingRunnable.run(DelegatingErrorHandlingRunnable.java:54) ~[spring-context-5.2.2.RELEASE.jar:5.2.2.RELEASE]
	at java.util.concurrent.Executors$RunnableAdapter.call(Executors.java:511) ~[na:1.8.0_181]
	at java.util.concurrent.FutureTask.runAndReset$$$capture(FutureTask.java:308) ~[na:1.8.0_181]
	at java.util.concurrent.FutureTask.runAndReset(FutureTask.java) ~[na:1.8.0_181]
	at java.util.concurrent.ScheduledThreadPoolExecutor$ScheduledFutureTask.access$301(ScheduledThreadPoolExecutor.java:180) ~[na:1.8.0_181]
	at java.util.concurrent.ScheduledThreadPoolExecutor$ScheduledFutureTask.run(ScheduledThreadPoolExecutor.java:294) ~[na:1.8.0_181]
	at java.util.concurrent.ThreadPoolExecutor.runWorker(ThreadPoolExecutor.java:1149) ~[na:1.8.0_181]
	at java.util.concurrent.ThreadPoolExecutor$Worker.run(ThreadPoolExecutor.java:624) ~[na:1.8.0_181]
	at java.lang.Thread.run(Thread.java:748) ~[na:1.8.0_181]

2021-05-21 11:09:24.220  INFO 24173 --- [restartedMain] d.s.w.p.DocumentationPluginsBootstrapper : Found 1 custom documentation plugin(s)
2021-05-21 11:09:24.399  INFO 24173 --- [restartedMain] s.d.s.w.s.ApiListingReferenceScanner     : Scanning for api listing references
2021-05-21 11:09:25.108  INFO 24173 --- [restartedMain] .d.s.w.r.o.CachingOperationNameGenerator : Generating unique operation named: updateDeptUsingPUT_1
2021-05-21 11:09:25.193  INFO 24173 --- [restartedMain] .d.s.w.r.o.CachingOperationNameGenerator : Generating unique operation named: pageInfoUsingPOST_1
2021-05-21 11:09:25.352  INFO 24173 --- [restartedMain] .d.s.w.r.o.CachingOperationNameGenerator : Generating unique operation named: pageInfoUsingPOST_2
2021-05-21 11:09:25.357  WARN 24173 --- [restartedMain] s.d.s.w.r.p.ParameterDataTypeReader      : Trying to infer dataType java.util.List<com.linjr.entity.db2.BaseProduct>
2021-05-21 11:09:25.409  INFO 24173 --- [restartedMain] .d.s.w.r.o.CachingOperationNameGenerator : Generating unique operation named: getDeptTreeUsingGET_1
2021-05-21 11:09:25.438  INFO 24173 --- [restartedMain] .d.s.w.r.o.CachingOperationNameGenerator : Generating unique operation named: pageInfoUsingPOST_3
2021-05-21 11:09:25.505  INFO 24173 --- [restartedMain] .d.s.w.r.o.CachingOperationNameGenerator : Generating unique operation named: pageInfoUsingPOST_4
2021-05-21 11:09:25.685  INFO 24173 --- [restartedMain] o.s.b.w.embedded.tomcat.TomcatWebServer  : Tomcat started on port(s): 9001 (http) with context path ''
2021-05-21 11:09:25.912 ERROR 24173 --- [restartedMain] o.s.c.a.n.registry.NacosServiceRegistry  : nacos registry, rs-web register failed...NacosRegistration{nacosDiscoveryProperties=NacosDiscoveryProperties{serverAddr='localhost:8841,localhost:8842,localhost:8843', endpoint='', namespace='', watchDelay=30000, logName='', service='rs-web', weight=1.0, clusterName='DEFAULT', namingLoadCacheAtStart='false', metadata={preserved.register.source=SPRING_CLOUD}, registerEnabled=true, ip='10.0.1.4', networkInterface='', port=9001, secure=false, accessKey='', secretKey=''}},

java.lang.IllegalStateException: failed to req API:/nacos/v1/ns/instance after all servers([localhost:8841, localhost:8842, localhost:8843]) tried: failed to req API:http://localhost:8841/nacos/v1/ns/instance. code:500 msg: java.net.ConnectException: Connection refused (Connection refused)
	at com.alibaba.nacos.client.naming.net.NamingProxy.reqAPI(NamingProxy.java:380) ~[nacos-client-1.0.0.jar:na]
	at com.alibaba.nacos.client.naming.net.NamingProxy.reqAPI(NamingProxy.java:304) ~[nacos-client-1.0.0.jar:na]
	at com.alibaba.nacos.client.naming.net.NamingProxy.registerService(NamingProxy.java:186) ~[nacos-client-1.0.0.jar:na]
	at com.alibaba.nacos.client.naming.NacosNamingService.registerInstance(NacosNamingService.java:298) ~[nacos-client-1.0.0.jar:na]
	at com.alibaba.nacos.client.naming.NacosNamingService.registerInstance(NacosNamingService.java:279) ~[nacos-client-1.0.0.jar:na]
	at org.springframework.cloud.alibaba.nacos.registry.NacosServiceRegistry.register(NacosServiceRegistry.java:63) ~[spring-cloud-alibaba-nacos-discovery-0.2.2.RELEASE.jar:0.2.2.RELEASE]
	at org.springframework.cloud.client.serviceregistry.AbstractAutoServiceRegistration.register(AbstractAutoServiceRegistration.java:239) [spring-cloud-commons-2.2.0.RELEASE.jar:2.2.0.RELEASE]
	at org.springframework.cloud.alibaba.nacos.registry.NacosAutoServiceRegistration.register(NacosAutoServiceRegistration.java:74) [spring-cloud-alibaba-nacos-discovery-0.2.2.RELEASE.jar:0.2.2.RELEASE]
	at org.springframework.cloud.client.serviceregistry.AbstractAutoServiceRegistration.start(AbstractAutoServiceRegistration.java:138) [spring-cloud-commons-2.2.0.RELEASE.jar:2.2.0.RELEASE]
	at org.springframework.cloud.client.serviceregistry.AbstractAutoServiceRegistration.bind(AbstractAutoServiceRegistration.java:101) [spring-cloud-commons-2.2.0.RELEASE.jar:2.2.0.RELEASE]
	at org.springframework.cloud.client.serviceregistry.AbstractAutoServiceRegistration.onApplicationEvent(AbstractAutoServiceRegistration.java:88) [spring-cloud-commons-2.2.0.RELEASE.jar:2.2.0.RELEASE]
	at org.springframework.cloud.client.serviceregistry.AbstractAutoServiceRegistration.onApplicationEvent(AbstractAutoServiceRegistration.java:47) [spring-cloud-commons-2.2.0.RELEASE.jar:2.2.0.RELEASE]
	at org.springframework.context.event.SimpleApplicationEventMulticaster.doInvokeListener(SimpleApplicationEventMulticaster.java:172) [spring-context-5.2.2.RELEASE.jar:5.2.2.RELEASE]
	at org.springframework.context.event.SimpleApplicationEventMulticaster.invokeListener(SimpleApplicationEventMulticaster.java:165) [spring-context-5.2.2.RELEASE.jar:5.2.2.RELEASE]
	at org.springframework.context.event.SimpleApplicationEventMulticaster.multicastEvent(SimpleApplicationEventMulticaster.java:139) [spring-context-5.2.2.RELEASE.jar:5.2.2.RELEASE]
	at org.springframework.context.support.AbstractApplicationContext.publishEvent(AbstractApplicationContext.java:403) [spring-context-5.2.2.RELEASE.jar:5.2.2.RELEASE]
	at org.springframework.context.support.AbstractApplicationContext.publishEvent(AbstractApplicationContext.java:360) [spring-context-5.2.2.RELEASE.jar:5.2.2.RELEASE]
	at org.springframework.boot.web.servlet.context.ServletWebServerApplicationContext.finishRefresh(ServletWebServerApplicationContext.java:165) [spring-boot-2.2.2.RELEASE.jar:2.2.2.RELEASE]
	at org.springframework.context.support.AbstractApplicationContext.refresh(AbstractApplicationContext.java:553) [spring-context-5.2.2.RELEASE.jar:5.2.2.RELEASE]
	at org.springframework.boot.web.servlet.context.ServletWebServerApplicationContext.refresh(ServletWebServerApplicationContext.java:141) [spring-boot-2.2.2.RELEASE.jar:2.2.2.RELEASE]
	at org.springframework.boot.SpringApplication.refresh(SpringApplication.java:747) [spring-boot-2.2.2.RELEASE.jar:2.2.2.RELEASE]
	at org.springframework.boot.SpringApplication.refreshContext(SpringApplication.java:397) [spring-boot-2.2.2.RELEASE.jar:2.2.2.RELEASE]
	at org.springframework.boot.SpringApplication.run(SpringApplication.java:315) [spring-boot-2.2.2.RELEASE.jar:2.2.2.RELEASE]
	at org.springframework.boot.SpringApplication.run(SpringApplication.java:1226) [spring-boot-2.2.2.RELEASE.jar:2.2.2.RELEASE]
	at org.springframework.boot.SpringApplication.run(SpringApplication.java:1215) [spring-boot-2.2.2.RELEASE.jar:2.2.2.RELEASE]
	at com.linjr.RsWebApplication.main(RsWebApplication.java:19) [classes/:na]
	at sun.reflect.NativeMethodAccessorImpl.invoke0(Native Method) ~[na:1.8.0_181]
	at sun.reflect.NativeMethodAccessorImpl.invoke(NativeMethodAccessorImpl.java:62) ~[na:1.8.0_181]
	at sun.reflect.DelegatingMethodAccessorImpl.invoke(DelegatingMethodAccessorImpl.java:43) ~[na:1.8.0_181]
	at java.lang.reflect.Method.invoke(Method.java:498) ~[na:1.8.0_181]
	at org.springframework.boot.devtools.restart.RestartLauncher.run(RestartLauncher.java:49) [spring-boot-devtools-2.2.2.RELEASE.jar:2.2.2.RELEASE]

2021-05-21 11:09:25.921  INFO 24173 --- [restartedMain] com.linjr.RsWebApplication               : Started RsWebApplication in 26.034 seconds (JVM running for 27.844)
2021-05-21 11:15:22.231  INFO 24173 --- [SpringContextShutdownHook] o.s.c.a.n.registry.NacosServiceRegistry  : De-registering from Nacos Server now...
2021-05-21 11:15:22.247  INFO 24173 --- [SpringContextShutdownHook] o.s.c.a.n.registry.NacosServiceRegistry  : De-registration finished.
2021-05-21 11:15:22.268  INFO 24173 --- [SpringContextShutdownHook] o.s.s.concurrent.ThreadPoolTaskExecutor  : Shutting down ExecutorService 'applicationTaskExecutor'
2021-05-21 11:15:22.346  WARN 24173 --- [SpringContextShutdownHook] c.n.c.sources.URLConfigurationSource     : No URLs will be polled as dynamic configuration sources.
2021-05-21 11:15:22.346  INFO 24173 --- [SpringContextShutdownHook] c.n.c.sources.URLConfigurationSource     : To enable URLs as dynamic configuration sources, define System property archaius.configurationSource.additionalUrls or make config.properties available on classpath.
2021-05-21 11:15:22.368  INFO 24173 --- [SpringContextShutdownHook] j.LocalContainerEntityManagerFactoryBean : Closing JPA EntityManagerFactory for persistence unit 'default'
2021-05-21 11:15:22.493  INFO 24173 --- [SpringContextShutdownHook] com.alibaba.druid.pool.DruidDataSource   : {dataSource-1} closed
2021-05-21 11:15:27.742  INFO 25432 --- [restartedMain] com.linjr.RsWebApplication               : No active profile set, falling back to default profiles: default
2021-05-21 11:15:28.902  WARN 25432 --- [restartedMain] o.m.s.mapper.ClassPathMapperScanner      : Skipping MapperFactoryBean with name 'ipadManagerMapper' and 'com.linjr.mapper.db1.IpadManagerMapper' mapperInterface. Bean already defined with the same name!
2021-05-21 11:15:28.903  WARN 25432 --- [restartedMain] o.m.s.mapper.ClassPathMapperScanner      : Skipping MapperFactoryBean with name 'regionMapper' and 'com.linjr.mapper.db1.RegionMapper' mapperInterface. Bean already defined with the same name!
2021-05-21 11:15:28.903  WARN 25432 --- [restartedMain] o.m.s.mapper.ClassPathMapperScanner      : Skipping MapperFactoryBean with name 'sysDeptMapper' and 'com.linjr.mapper.db1.SysDeptMapper' mapperInterface. Bean already defined with the same name!
2021-05-21 11:15:28.903  WARN 25432 --- [restartedMain] o.m.s.mapper.ClassPathMapperScanner      : Skipping MapperFactoryBean with name 'sysLogMapper' and 'com.linjr.mapper.db1.SysLogMapper' mapperInterface. Bean already defined with the same name!
2021-05-21 11:15:28.903  WARN 25432 --- [restartedMain] o.m.s.mapper.ClassPathMapperScanner      : Skipping MapperFactoryBean with name 'sysPermissionMapper' and 'com.linjr.mapper.db1.SysPermissionMapper' mapperInterface. Bean already defined with the same name!
2021-05-21 11:15:28.903  WARN 25432 --- [restartedMain] o.m.s.mapper.ClassPathMapperScanner      : Skipping MapperFactoryBean with name 'sysRoleMapper' and 'com.linjr.mapper.db1.SysRoleMapper' mapperInterface. Bean already defined with the same name!
2021-05-21 11:15:28.903  WARN 25432 --- [restartedMain] o.m.s.mapper.ClassPathMapperScanner      : Skipping MapperFactoryBean with name 'sysRolePermissionMapper' and 'com.linjr.mapper.db1.SysRolePermissionMapper' mapperInterface. Bean already defined with the same name!
2021-05-21 11:15:28.903  WARN 25432 --- [restartedMain] o.m.s.mapper.ClassPathMapperScanner      : Skipping MapperFactoryBean with name 'sysUserMapper' and 'com.linjr.mapper.db1.SysUserMapper' mapperInterface. Bean already defined with the same name!
2021-05-21 11:15:28.903  WARN 25432 --- [restartedMain] o.m.s.mapper.ClassPathMapperScanner      : Skipping MapperFactoryBean with name 'sysUserRoleMapper' and 'com.linjr.mapper.db1.SysUserRoleMapper' mapperInterface. Bean already defined with the same name!
2021-05-21 11:15:28.903  WARN 25432 --- [restartedMain] o.m.s.mapper.ClassPathMapperScanner      : Skipping MapperFactoryBean with name 'testJpaMapper' and 'com.linjr.mapper.db1.TestJpaMapper' mapperInterface. Bean already defined with the same name!
2021-05-21 11:15:28.903  WARN 25432 --- [restartedMain] o.m.s.mapper.ClassPathMapperScanner      : Skipping MapperFactoryBean with name 'baseClientMapper' and 'com.linjr.mapper.db2.BaseClientMapper' mapperInterface. Bean already defined with the same name!
2021-05-21 11:15:28.903  WARN 25432 --- [restartedMain] o.m.s.mapper.ClassPathMapperScanner      : Skipping MapperFactoryBean with name 'baseClientShopMapper' and 'com.linjr.mapper.db2.BaseClientShopMapper' mapperInterface. Bean already defined with the same name!
2021-05-21 11:15:28.904  WARN 25432 --- [restartedMain] o.m.s.mapper.ClassPathMapperScanner      : Skipping MapperFactoryBean with name 'baseProductMapper' and 'com.linjr.mapper.db2.BaseProductMapper' mapperInterface. Bean already defined with the same name!
2021-05-21 11:15:28.904  WARN 25432 --- [restartedMain] o.m.s.mapper.ClassPathMapperScanner      : Skipping MapperFactoryBean with name 'baseProductSizeMapper' and 'com.linjr.mapper.db2.BaseProductSizeMapper' mapperInterface. Bean already defined with the same name!
2021-05-21 11:15:28.904  WARN 25432 --- [restartedMain] o.m.s.mapper.ClassPathMapperScanner      : Skipping MapperFactoryBean with name 'orderDetailMapper' and 'com.linjr.mapper.db2.OrderDetailMapper' mapperInterface. Bean already defined with the same name!
2021-05-21 11:15:28.904  WARN 25432 --- [restartedMain] o.m.s.mapper.ClassPathMapperScanner      : Skipping MapperFactoryBean with name 'orderMainMapper' and 'com.linjr.mapper.db2.OrderMainMapper' mapperInterface. Bean already defined with the same name!
2021-05-21 11:15:28.904  WARN 25432 --- [restartedMain] o.m.s.mapper.ClassPathMapperScanner      : Skipping MapperFactoryBean with name 'psoDelTestMapper' and 'com.linjr.mapper.db2.PsoDelTestMapper' mapperInterface. Bean already defined with the same name!
2021-05-21 11:15:28.904  WARN 25432 --- [restartedMain] o.m.s.mapper.ClassPathMapperScanner      : Skipping MapperFactoryBean with name 'sqlJpaTestMapper' and 'com.linjr.mapper.db2.SqlJpaTestMapper' mapperInterface. Bean already defined with the same name!
2021-05-21 11:15:28.904  WARN 25432 --- [restartedMain] o.m.s.mapper.ClassPathMapperScanner      : Skipping MapperFactoryBean with name 'vAllOrderDiscountMapper' and 'com.linjr.mapper.db2.vAllOrderDiscountMapper' mapperInterface. Bean already defined with the same name!
2021-05-21 11:15:28.904  WARN 25432 --- [restartedMain] o.m.s.mapper.ClassPathMapperScanner      : No MyBatis mapper was found in '[com.linjr.mapper]' package. Please check your configuration.
2021-05-21 11:15:29.169  INFO 25432 --- [restartedMain] .s.d.r.c.RepositoryConfigurationDelegate : Multiple Spring Data modules found, entering strict repository configuration mode!
2021-05-21 11:15:29.169  INFO 25432 --- [restartedMain] .s.d.r.c.RepositoryConfigurationDelegate : Bootstrapping Spring Data JPA repositories in DEFAULT mode.
2021-05-21 11:15:29.213  INFO 25432 --- [restartedMain] .s.d.r.c.RepositoryConfigurationDelegate : Finished Spring Data repository scanning in 35ms. Found 0 JPA repository interfaces.
2021-05-21 11:15:29.234  INFO 25432 --- [restartedMain] .s.d.r.c.RepositoryConfigurationDelegate : Multiple Spring Data modules found, entering strict repository configuration mode!
2021-05-21 11:15:29.236  INFO 25432 --- [restartedMain] .s.d.r.c.RepositoryConfigurationDelegate : Bootstrapping Spring Data Redis repositories in DEFAULT mode.
2021-05-21 11:15:29.255  INFO 25432 --- [restartedMain] .s.d.r.c.RepositoryConfigurationDelegate : Finished Spring Data repository scanning in 11ms. Found 0 Redis repository interfaces.
2021-05-21 11:15:29.633  INFO 25432 --- [restartedMain] o.s.cloud.context.scope.GenericScope     : BeanFactory id=75a597a6-6349-3aec-a424-53dd4d1b4bfb
2021-05-21 11:15:29.808  INFO 25432 --- [restartedMain] trationDelegate$BeanPostProcessorChecker : Bean 'org.springframework.transaction.annotation.ProxyTransactionManagementConfiguration' of type [org.springframework.transaction.annotation.ProxyTransactionManagementConfiguration] is not eligible for getting processed by all BeanPostProcessors (for example: not eligible for auto-proxying)
2021-05-21 11:15:29.960  INFO 25432 --- [restartedMain] trationDelegate$BeanPostProcessorChecker : Bean 'shiroConfig' of type [com.linjr.config.ShiroConfig$$EnhancerBySpringCGLIB$$6a7d282f] is not eligible for getting processed by all BeanPostProcessors (for example: not eligible for auto-proxying)
2021-05-21 11:15:30.221  INFO 25432 --- [restartedMain] trationDelegate$BeanPostProcessorChecker : Bean 'redisConfig' of type [com.linjr.config.RedisConfig$$EnhancerBySpringCGLIB$$b54baf79] is not eligible for getting processed by all BeanPostProcessors (for example: not eligible for auto-proxying)
2021-05-21 11:15:30.234  INFO 25432 --- [restartedMain] trationDelegate$BeanPostProcessorChecker : Bean 'spring.redis-org.springframework.boot.autoconfigure.data.redis.RedisProperties' of type [org.springframework.boot.autoconfigure.data.redis.RedisProperties] is not eligible for getting processed by all BeanPostProcessors (for example: not eligible for auto-proxying)
2021-05-21 11:15:30.240  INFO 25432 --- [restartedMain] trationDelegate$BeanPostProcessorChecker : Bean 'org.springframework.boot.autoconfigure.data.redis.LettuceConnectionConfiguration' of type [org.springframework.boot.autoconfigure.data.redis.LettuceConnectionConfiguration] is not eligible for getting processed by all BeanPostProcessors (for example: not eligible for auto-proxying)
2021-05-21 11:15:30.341  INFO 25432 --- [restartedMain] trationDelegate$BeanPostProcessorChecker : Bean 'lettuceClientResources' of type [io.lettuce.core.resource.DefaultClientResources] is not eligible for getting processed by all BeanPostProcessors (for example: not eligible for auto-proxying)
2021-05-21 11:15:30.427  INFO 25432 --- [restartedMain] trationDelegate$BeanPostProcessorChecker : Bean 'redisConnectionFactory' of type [org.springframework.data.redis.connection.lettuce.LettuceConnectionFactory] is not eligible for getting processed by all BeanPostProcessors (for example: not eligible for auto-proxying)
2021-05-21 11:15:30.505  INFO 25432 --- [restartedMain] trationDelegate$BeanPostProcessorChecker : Bean 'redisTemplate' of type [org.springframework.data.redis.core.RedisTemplate] is not eligible for getting processed by all BeanPostProcessors (for example: not eligible for auto-proxying)
2021-05-21 11:15:30.529  INFO 25432 --- [restartedMain] trationDelegate$BeanPostProcessorChecker : Bean 'redisService' of type [com.linjr.service.RedisService] is not eligible for getting processed by all BeanPostProcessors (for example: not eligible for auto-proxying)
2021-05-21 11:15:30.532  INFO 25432 --- [restartedMain] trationDelegate$BeanPostProcessorChecker : Bean 'customHashedCredentialsMatcher' of type [com.linjr.shiro.CustomHashedCredentialsMatcher] is not eligible for getting processed by all BeanPostProcessors (for example: not eligible for auto-proxying)
2021-05-21 11:15:30.537  INFO 25432 --- [restartedMain] trationDelegate$BeanPostProcessorChecker : Bean 'cacheManager' of type [com.linjr.shiro.ShiroCacheManager] is not eligible for getting processed by all BeanPostProcessors (for example: not eligible for auto-proxying)
2021-05-21 11:15:30.556  INFO 25432 --- [restartedMain] trationDelegate$BeanPostProcessorChecker : Bean 'dataSource1Config' of type [com.linjr.datasources.DataSource1Config$$EnhancerBySpringCGLIB$$b0e4d192] is not eligible for getting processed by all BeanPostProcessors (for example: not eligible for auto-proxying)
2021-05-21 11:15:30.595  INFO 25432 --- [restartedMain] trationDelegate$BeanPostProcessorChecker : Bean 'db1DataSource' of type [com.alibaba.druid.pool.DruidDataSource] is not eligible for getting processed by all BeanPostProcessors (for example: not eligible for auto-proxying)
2021-05-21 11:15:30.625  INFO 25432 --- [restartedMain] trationDelegate$BeanPostProcessorChecker : Bean 'spring.datasource-org.springframework.boot.autoconfigure.jdbc.DataSourceProperties' of type [org.springframework.boot.autoconfigure.jdbc.DataSourceProperties] is not eligible for getting processed by all BeanPostProcessors (for example: not eligible for auto-proxying)
2021-05-21 11:15:30.633  INFO 25432 --- [restartedMain] trationDelegate$BeanPostProcessorChecker : Bean 'org.springframework.boot.autoconfigure.jdbc.DataSourceInitializerInvoker' of type [org.springframework.boot.autoconfigure.jdbc.DataSourceInitializerInvoker] is not eligible for getting processed by all BeanPostProcessors (for example: not eligible for auto-proxying)
2021-05-21 11:15:30.959  INFO 25432 --- [restartedMain] trationDelegate$BeanPostProcessorChecker : Bean 'db1SqlSessionFactory' of type [org.apache.ibatis.session.defaults.DefaultSqlSessionFactory] is not eligible for getting processed by all BeanPostProcessors (for example: not eligible for auto-proxying)
2021-05-21 11:15:30.965  INFO 25432 --- [restartedMain] trationDelegate$BeanPostProcessorChecker : Bean 'db1SqlSessionTemplate' of type [org.mybatis.spring.SqlSessionTemplate] is not eligible for getting processed by all BeanPostProcessors (for example: not eligible for auto-proxying)
2021-05-21 11:15:30.967  INFO 25432 --- [restartedMain] trationDelegate$BeanPostProcessorChecker : Bean 'sysRoleMapper' of type [org.mybatis.spring.mapper.MapperFactoryBean] is not eligible for getting processed by all BeanPostProcessors (for example: not eligible for auto-proxying)
2021-05-21 11:15:30.970  INFO 25432 --- [restartedMain] trationDelegate$BeanPostProcessorChecker : Bean 'sysRoleMapper' of type [com.sun.proxy.$Proxy108] is not eligible for getting processed by all BeanPostProcessors (for example: not eligible for auto-proxying)
2021-05-21 11:15:30.974  INFO 25432 --- [restartedMain] trationDelegate$BeanPostProcessorChecker : Bean 'sysRolePermissionMapper' of type [org.mybatis.spring.mapper.MapperFactoryBean] is not eligible for getting processed by all BeanPostProcessors (for example: not eligible for auto-proxying)
2021-05-21 11:15:30.975  INFO 25432 --- [restartedMain] trationDelegate$BeanPostProcessorChecker : Bean 'sysRolePermissionMapper' of type [com.sun.proxy.$Proxy110] is not eligible for getting processed by all BeanPostProcessors (for example: not eligible for auto-proxying)
2021-05-21 11:15:30.976  INFO 25432 --- [restartedMain] trationDelegate$BeanPostProcessorChecker : Bean 'rolePermissionServiceImpl' of type [com.linjr.service.Impl.RolePermissionServiceImpl] is not eligible for getting processed by all BeanPostProcessors (for example: not eligible for auto-proxying)
2021-05-21 11:15:30.980  INFO 25432 --- [restartedMain] trationDelegate$BeanPostProcessorChecker : Bean 'sysPermissionMapper' of type [org.mybatis.spring.mapper.MapperFactoryBean] is not eligible for getting processed by all BeanPostProcessors (for example: not eligible for auto-proxying)
2021-05-21 11:15:30.981  INFO 25432 --- [restartedMain] trationDelegate$BeanPostProcessorChecker : Bean 'sysPermissionMapper' of type [com.sun.proxy.$Proxy111] is not eligible for getting processed by all BeanPostProcessors (for example: not eligible for auto-proxying)
2021-05-21 11:15:30.984  INFO 25432 --- [restartedMain] trationDelegate$BeanPostProcessorChecker : Bean 'sysUserRoleMapper' of type [org.mybatis.spring.mapper.MapperFactoryBean] is not eligible for getting processed by all BeanPostProcessors (for example: not eligible for auto-proxying)
2021-05-21 11:15:30.985  INFO 25432 --- [restartedMain] trationDelegate$BeanPostProcessorChecker : Bean 'sysUserRoleMapper' of type [com.sun.proxy.$Proxy112] is not eligible for getting processed by all BeanPostProcessors (for example: not eligible for auto-proxying)
2021-05-21 11:15:30.986  INFO 25432 --- [restartedMain] trationDelegate$BeanPostProcessorChecker : Bean 'userRoleServiceImpl' of type [com.linjr.service.Impl.UserRoleServiceImpl] is not eligible for getting processed by all BeanPostProcessors (for example: not eligible for auto-proxying)
2021-05-21 11:15:31.007  INFO 25432 --- [restartedMain] trationDelegate$BeanPostProcessorChecker : Bean 'tokenSetting' of type [com.linjr.utils.TokenSetting$$EnhancerBySpringCGLIB$$1edad55c] is not eligible for getting processed by all BeanPostProcessors (for example: not eligible for auto-proxying)
2021-05-21 11:15:31.008  INFO 25432 --- [restartedMain] trationDelegate$BeanPostProcessorChecker : Bean 'permissionServiceImpl' of type [com.linjr.service.Impl.PermissionServiceImpl] is not eligible for getting processed by all BeanPostProcessors (for example: not eligible for auto-proxying)
2021-05-21 11:15:31.014  INFO 25432 --- [restartedMain] trationDelegate$BeanPostProcessorChecker : Bean 'roleServiceImpl' of type [com.linjr.service.Impl.RoleServiceImpl] is not eligible for getting processed by all BeanPostProcessors (for example: not eligible for auto-proxying)
2021-05-21 11:15:31.018  INFO 25432 --- [restartedMain] trationDelegate$BeanPostProcessorChecker : Bean 'customRealm' of type [com.linjr.shiro.CustomRealm] is not eligible for getting processed by all BeanPostProcessors (for example: not eligible for auto-proxying)
2021-05-21 11:15:31.026  INFO 25432 --- [restartedMain] trationDelegate$BeanPostProcessorChecker : Bean 'securityManager' of type [org.apache.shiro.web.mgt.DefaultWebSecurityManager] is not eligible for getting processed by all BeanPostProcessors (for example: not eligible for auto-proxying)
2021-05-21 11:15:31.039  INFO 25432 --- [restartedMain] trationDelegate$BeanPostProcessorChecker : Bean 'authorizationAttributeSourceAdvisor' of type [org.apache.shiro.spring.security.interceptor.AuthorizationAttributeSourceAdvisor] is not eligible for getting processed by all BeanPostProcessors (for example: not eligible for auto-proxying)
2021-05-21 11:15:31.059  INFO 25432 --- [restartedMain] trationDelegate$BeanPostProcessorChecker : Bean 'org.springframework.cloud.autoconfigure.ConfigurationPropertiesRebinderAutoConfiguration' of type [org.springframework.cloud.autoconfigure.ConfigurationPropertiesRebinderAutoConfiguration] is not eligible for getting processed by all BeanPostProcessors (for example: not eligible for auto-proxying)
2021-05-21 11:15:31.523  INFO 25432 --- [restartedMain] o.s.b.w.embedded.tomcat.TomcatWebServer  : Tomcat initialized with port(s): 9001 (http)
2021-05-21 11:15:31.537  INFO 25432 --- [restartedMain] o.apache.catalina.core.StandardService   : Starting service [Tomcat]
2021-05-21 11:15:31.537  INFO 25432 --- [restartedMain] org.apache.catalina.core.StandardEngine  : Starting Servlet engine: [Apache Tomcat/9.0.29]
2021-05-21 11:15:31.694  INFO 25432 --- [restartedMain] o.a.c.c.C.[Tomcat].[localhost].[/]       : Initializing Spring embedded WebApplicationContext
2021-05-21 11:15:31.695  INFO 25432 --- [restartedMain] o.s.web.context.ContextLoader            : Root WebApplicationContext: initialization completed in 3921 ms
2021-05-21 11:15:31.983  INFO 25432 --- [restartedMain] o.hibernate.jpa.internal.util.LogHelper  : HHH000204: Processing PersistenceUnitInfo [name: default]
2021-05-21 11:15:32.067  INFO 25432 --- [restartedMain] org.hibernate.Version                    : HHH000412: Hibernate Core {5.4.9.Final}
2021-05-21 11:15:32.216  INFO 25432 --- [restartedMain] o.hibernate.annotations.common.Version   : HCANN000001: Hibernate Commons Annotations {5.1.0.Final}
2021-05-21 11:15:32.392  INFO 25432 --- [restartedMain] com.alibaba.druid.pool.DruidDataSource   : {dataSource-1} inited
2021-05-21 11:15:32.694  INFO 25432 --- [restartedMain] org.hibernate.dialect.Dialect            : HHH000400: Using dialect: org.hibernate.dialect.MySQLDialect
2021-05-21 11:15:33.068  INFO 25432 --- [restartedMain] o.h.e.t.j.p.i.JtaPlatformInitiator       : HHH000490: Using JtaPlatform implementation: [org.hibernate.engine.transaction.jta.platform.internal.NoJtaPlatform]
2021-05-21 11:15:33.076  INFO 25432 --- [restartedMain] j.LocalContainerEntityManagerFactoryBean : Initialized JPA EntityManagerFactory for persistence unit 'default'
2021-05-21 11:15:33.155  INFO 25432 --- [restartedMain] o.s.b.d.a.OptionalLiveReloadServer       : LiveReload server is running on port 35729
2021-05-21 11:15:34.003  WARN 25432 --- [restartedMain] JpaBaseConfiguration$JpaWebConfiguration : spring.jpa.open-in-view is enabled by default. Therefore, database queries may be performed during view rendering. Explicitly configure spring.jpa.open-in-view to disable this warning
2021-05-21 11:15:34.275  INFO 25432 --- [restartedMain] pertySourcedRequestMappingHandlerMapping : Mapped URL path [/v2/api-docs] onto method [springfox.documentation.swagger2.web.Swagger2Controller#getDocumentation(String, HttpServletRequest)]
2021-05-21 11:15:34.339  WARN 25432 --- [restartedMain] c.n.c.sources.URLConfigurationSource     : No URLs will be polled as dynamic configuration sources.
2021-05-21 11:15:34.339  INFO 25432 --- [restartedMain] c.n.c.sources.URLConfigurationSource     : To enable URLs as dynamic configuration sources, define System property archaius.configurationSource.additionalUrls or make config.properties available on classpath.
2021-05-21 11:15:34.343  WARN 25432 --- [restartedMain] c.n.c.sources.URLConfigurationSource     : No URLs will be polled as dynamic configuration sources.
2021-05-21 11:15:34.343  INFO 25432 --- [restartedMain] c.n.c.sources.URLConfigurationSource     : To enable URLs as dynamic configuration sources, define System property archaius.configurationSource.additionalUrls or make config.properties available on classpath.
2021-05-21 11:15:34.532  INFO 25432 --- [restartedMain] o.s.s.concurrent.ThreadPoolTaskExecutor  : Initializing ExecutorService 'applicationTaskExecutor'
2021-05-21 11:15:34.709  WARN 25432 --- [restartedMain] ion$DefaultTemplateResolverConfiguration : Cannot find template location: classpath:/templates/ (please add some templates or check your Thymeleaf configuration)
2021-05-21 11:15:35.247  INFO 25432 --- [restartedMain] o.s.s.c.ThreadPoolTaskScheduler          : Initializing ExecutorService
2021-05-21 11:15:35.576  INFO 25432 --- [restartedMain] d.s.w.p.DocumentationPluginsBootstrapper : Context refreshed
2021-05-21 11:15:35.601  INFO 25432 --- [restartedMain] d.s.w.p.DocumentationPluginsBootstrapper : Found 1 custom documentation plugin(s)
2021-05-21 11:15:35.666  INFO 25432 --- [restartedMain] s.d.s.w.s.ApiListingReferenceScanner     : Scanning for api listing references
2021-05-21 11:15:35.955  INFO 25432 --- [restartedMain] .d.s.w.r.o.CachingOperationNameGenerator : Generating unique operation named: updateDeptUsingPUT_1
2021-05-21 11:15:35.998  INFO 25432 --- [restartedMain] .d.s.w.r.o.CachingOperationNameGenerator : Generating unique operation named: pageInfoUsingPOST_1
2021-05-21 11:15:36.047  INFO 25432 --- [restartedMain] .d.s.w.r.o.CachingOperationNameGenerator : Generating unique operation named: pageInfoUsingPOST_2
2021-05-21 11:15:36.051  WARN 25432 --- [restartedMain] s.d.s.w.r.p.ParameterDataTypeReader      : Trying to infer dataType java.util.List<com.linjr.entity.db2.BaseProduct>
2021-05-21 11:15:36.094  INFO 25432 --- [restartedMain] .d.s.w.r.o.CachingOperationNameGenerator : Generating unique operation named: getDeptTreeUsingGET_1
2021-05-21 11:15:36.114  INFO 25432 --- [restartedMain] .d.s.w.r.o.CachingOperationNameGenerator : Generating unique operation named: pageInfoUsingPOST_3
2021-05-21 11:15:36.145  INFO 25432 --- [restartedMain] .d.s.w.r.o.CachingOperationNameGenerator : Generating unique operation named: pageInfoUsingPOST_4
2021-05-21 11:15:36.223  INFO 25432 --- [restartedMain] o.s.b.w.embedded.tomcat.TomcatWebServer  : Tomcat started on port(s): 9001 (http) with context path ''
2021-05-21 11:15:36.268  INFO 25432 --- [restartedMain] o.s.c.a.n.registry.NacosServiceRegistry  : nacos registry, rs-web 10.0.1.4:9001 register finished
2021-05-21 11:15:36.277  INFO 25432 --- [restartedMain] com.linjr.RsWebApplication               : Started RsWebApplication in 9.628 seconds (JVM running for 10.702)
2021-05-21 11:16:58.932  INFO 25432 --- [SpringContextShutdownHook] o.s.c.a.n.registry.NacosServiceRegistry  : De-registering from Nacos Server now...
2021-05-21 11:16:58.938  INFO 25432 --- [SpringContextShutdownHook] o.s.c.a.n.registry.NacosServiceRegistry  : De-registration finished.
2021-05-21 11:16:58.943  INFO 25432 --- [SpringContextShutdownHook] o.s.s.concurrent.ThreadPoolTaskExecutor  : Shutting down ExecutorService 'applicationTaskExecutor'
2021-05-21 11:16:58.978  WARN 25432 --- [SpringContextShutdownHook] c.n.c.sources.URLConfigurationSource     : No URLs will be polled as dynamic configuration sources.
2021-05-21 11:16:58.978  INFO 25432 --- [SpringContextShutdownHook] c.n.c.sources.URLConfigurationSource     : To enable URLs as dynamic configuration sources, define System property archaius.configurationSource.additionalUrls or make config.properties available on classpath.
2021-05-21 11:16:58.990  INFO 25432 --- [SpringContextShutdownHook] j.LocalContainerEntityManagerFactoryBean : Closing JPA EntityManagerFactory for persistence unit 'default'
2021-05-21 11:16:59.035  INFO 25432 --- [SpringContextShutdownHook] com.alibaba.druid.pool.DruidDataSource   : {dataSource-1} closed
